DEBUG (init.php) - session_id(): 597938f2fee549d7a98daf96c944a46e
Conexión exitosa
DEBUG (init.php) - session_id(): 597938f2fee549d7a98daf96c944a46e
Conexión exitosa
DEBUG (init.php) - session_id(): 597938f2fee549d7a98daf96c944a46e
Conexión exitosa
DEBUG (init.php) - session_id(): 597938f2fee549d7a98daf96c944a46e
Conexión exitosa
DEBUG (init.php) - session_id(): 597938f2fee549d7a98daf96c944a46e
Conexión exitosa
DEBUG (init.php) - session_id(): 597938f2fee549d7a98daf96c944a46e
Conexión exitosa
DEBUG (init.php) - session_id(): 597938f2fee549d7a98daf96c944a46e
Conexión exitosa
DEBUG (init.php) - session_id(): 597938f2fee549d7a98daf96c944a46e
Conexión exitosa
DEBUG (init.php) - session_id(): 597938f2fee549d7a98daf96c944a46e
Conexión exitosa
DEBUG (init.php) - session_id(): 597938f2fee549d7a98daf96c944a46e
Conexión exitosa
DEBUG (init.php) - session_id(): 597938f2fee549d7a98daf96c944a46e
Conexión exitosa
DEBUG (init.php) - session_id(): 597938f2fee549d7a98daf96c944a46e
Conexión exitosa
DEBUG (init.php) - session_id(): 597938f2fee549d7a98daf96c944a46e
Conexión exitosa
DEBUG (init.php) - session_id(): 597938f2fee549d7a98daf96c944a46e
Conexión exitosa
DEBUG (init.php) - session_id(): 597938f2fee549d7a98daf96c944a46e
Conexión exitosa
DEBUG (init.php) - session_id(): 597938f2fee549d7a98daf96c944a46e
Conexión exitosa
DEBUG (init.php) - session_id(): 597938f2fee549d7a98daf96c944a46e
Conexión exitosa
DEBUG (init.php) - session_id(): 597938f2fee549d7a98daf96c944a46e
Conexión exitosa
DEBUG (init.php) - session_id(): 597938f2fee549d7a98daf96c944a46e
Conexión exitosa
DEBUG (init.php) - session_id(): 597938f2fee549d7a98daf96c944a46e
Conexión exitosa
DEBUG (init.php) - session_id(): 597938f2fee549d7a98daf96c944a46e
Conexión exitosa
DEBUG (init.php) - session_id(): 597938f2fee549d7a98daf96c944a46e
Conexión exitosa
DEBUG (init.php) - session_id(): 597938f2fee549d7a98daf96c944a46e
Conexión exitosa
DEBUG (init.php) - session_id(): 597938f2fee549d7a98daf96c944a46e
Conexión exitosa
DEBUG (init.php) - session_id(): 597938f2fee549d7a98daf96c944a46e
Conexión exitosa
DEBUG (init.php) - session_id(): 597938f2fee549d7a98daf96c944a46e
Conexión exitosa
DEBUG (init.php) - session_id(): 597938f2fee549d7a98daf96c944a46e
Conexión exitosa
DEBUG (init.php) - session_id(): 597938f2fee549d7a98daf96c944a46e
Conexión exitosa
DEBUG (init.php) - session_id(): 597938f2fee549d7a98daf96c944a46e
Conexión exitosa
DEBUG (init.php) - session_id(): 597938f2fee549d7a98daf96c944a46e
Conexión exitosa
DEBUG (init.php) - session_id(): 597938f2fee549d7a98daf96c944a46e
Conexión exitosa
DEBUG (init.php) - session_id(): 597938f2fee549d7a98daf96c944a46e
Conexión exitosa
DEBUG (init.php) - session_id(): 597938f2fee549d7a98daf96c944a46e
Conexión exitosa
DEBUG (init.php) - session_id(): 597938f2fee549d7a98daf96c944a46e
Conexión exitosa
DEBUG (init.php) - session_id(): 597938f2fee549d7a98daf96c944a46e
Conexión exitosa
DEBUG (init.php) - session_id(): 597938f2fee549d7a98daf96c944a46e
Conexión exitosa
DEBUG (init.php) - session_id(): 597938f2fee549d7a98daf96c944a46e
Conexión exitosa
DEBUG (init.php) - session_id(): 597938f2fee549d7a98daf96c944a46e
Conexión exitosa
DEBUG (init.php) - session_id(): 597938f2fee549d7a98daf96c944a46e
Conexión exitosa
DEBUG (init.php) - session_id(): 597938f2fee549d7a98daf96c944a46e
Conexión exitosa
DEBUG (init.php) - session_id(): 597938f2fee549d7a98daf96c944a46e
Conexión exitosa
DEBUG (init.php) - session_id(): 597938f2fee549d7a98daf96c944a46e
Conexión exitosa
DEBUG (init.php) - session_id(): 597938f2fee549d7a98daf96c944a46e
Conexión exitosa
DEBUG (init.php) - session_id(): 597938f2fee549d7a98daf96c944a46e
Conexión exitosa
DEBUG (init.php) - session_id(): b04310c434b973ff3cf0e4ea47aeb375
Conexión exitosa
Conexión exitosa
Conexión exitosa
DEBUG (panelAlumno.php) - session_id(): b04310c434b973ff3cf0e4ea47aeb375
DEBUG (panelAlumno.php) - Usuario en sesión: 29048609T
DEBUG (panelAlumno.php) - Rol en sesión: Alumno
DEBUG (init.php) - session_id(): b04310c434b973ff3cf0e4ea47aeb375
Conexión exitosa
DEBUG (init.php) - session_id(): 325d304808e923f570476cc74c940ee7
Conexión exitosa
DEBUG (init.php) - session_id(): 278dd25dc9d8b9a4f75210a1773caad1
Conexión exitosa
DEBUG (init.php) - session_id(): 278dd25dc9d8b9a4f75210a1773caad1
Conexión exitosa
DEBUG (init.php) - session_id(): 278dd25dc9d8b9a4f75210a1773caad1
Conexión exitosa
DEBUG (init.php) - session_id(): 278dd25dc9d8b9a4f75210a1773caad1
Conexión exitosa
DEBUG (init.php) - session_id(): 278dd25dc9d8b9a4f75210a1773caad1
Conexión exitosa
DEBUG (init.php) - session_id(): 278dd25dc9d8b9a4f75210a1773caad1
Conexión exitosa
DEBUG (init.php) - session_id(): 6116c68834ea951a61dd951c03c4b52a
Conexión exitosa
Conexión exitosa
Conexión exitosa
DEBUG (panelAlumno.php) - session_id(): 6116c68834ea951a61dd951c03c4b52a
DEBUG (panelAlumno.php) - Usuario en sesión: 29048609T
DEBUG (panelAlumno.php) - Rol en sesión: Alumno
DEBUG (init.php) - session_id(): 66a5de5b0fc04b798ecfab904971fd08
Conexión exitosa
DEBUG (init.php) - session_id(): 986e3f91133b8dbe193a2db1ff8687a9
Conexión exitosa
Conexión exitosa
Conexión exitosa
DEBUG (panelAlumno.php) - session_id(): 986e3f91133b8dbe193a2db1ff8687a9
DEBUG (panelAlumno.php) - Usuario en sesión: 29048609T
DEBUG (panelAlumno.php) - Rol en sesión: Alumno
DEBUG (init.php) - session_id(): 986e3f91133b8dbe193a2db1ff8687a9
Conexión exitosa
DEBUG (init.php) - session_id(): 986e3f91133b8dbe193a2db1ff8687a9
Conexión exitosa
DEBUG (init.php) - session_id(): 986e3f91133b8dbe193a2db1ff8687a9
Conexión exitosa
Conexión exitosa
Conexión exitosa
DEBUG (panelAlumno.php) - session_id(): 986e3f91133b8dbe193a2db1ff8687a9
DEBUG (panelAlumno.php) - Usuario en sesión: 29048609T
DEBUG (panelAlumno.php) - Rol en sesión: Alumno
DEBUG (init.php) - session_id(): 4df1576722efc58adc815373b2a136f9
Conexión exitosa
DEBUG (init.php) - session_id(): 4df1576722efc58adc815373b2a136f9
Conexión exitosa
DEBUG (init.php) - session_id(): 4df1576722efc58adc815373b2a136f9
Conexión exitosa
DEBUG (init.php) - session_id(): d651ef48f0381429fa65a03d2fa91dfc
Conexión exitosa
Conexión exitosa
Conexión exitosa
DEBUG (panelAlumno.php) - session_id(): d651ef48f0381429fa65a03d2fa91dfc
DEBUG (panelAlumno.php) - Usuario en sesión: 29048609T
DEBUG (panelAlumno.php) - Rol en sesión: Alumno
DEBUG (init.php) - session_id(): d651ef48f0381429fa65a03d2fa91dfc
Conexión exitosa
DEBUG (init.php) - session_id(): d651ef48f0381429fa65a03d2fa91dfc
Conexión exitosa
Conexión exitosa
Conexión exitosa
DEBUG (panelAlumno.php) - session_id(): d651ef48f0381429fa65a03d2fa91dfc
DEBUG (panelAlumno.php) - Usuario en sesión: 29048609T
DEBUG (panelAlumno.php) - Rol en sesión: Alumno
DEBUG (init.php) - session_id(): d9e12afca16065cb5fa23ab36041b865
Conexión exitosa
Conexión exitosa
Conexión exitosa
DEBUG (panelAlumno.php) - session_id(): d9e12afca16065cb5fa23ab36041b865
DEBUG (panelAlumno.php) - Usuario en sesión: 29048609T
DEBUG (panelAlumno.php) - Rol en sesión: Alumno
DEBUG (init.php) - session_id(): d9e12afca16065cb5fa23ab36041b865
Conexión exitosa
DEBUG (init.php) - session_id(): d9e12afca16065cb5fa23ab36041b865
Conexión exitosa
DEBUG (init.php) - session_id(): d9e12afca16065cb5fa23ab36041b865
Conexión exitosa
Conexión exitosa
Conexión exitosa
DEBUG (panelAlumno.php) - session_id(): d9e12afca16065cb5fa23ab36041b865
DEBUG (panelAlumno.php) - Usuario en sesión: 29048609T
DEBUG (panelAlumno.php) - Rol en sesión: Alumno
DEBUG (init.php) - session_id(): d9e12afca16065cb5fa23ab36041b865
Conexión exitosa
DEBUG (init.php) - session_id(): 0c35bb119d80cd103ebd252d5517823a
Conexión exitosa
DEBUG (init.php) - session_id(): 0c35bb119d80cd103ebd252d5517823a
Conexión exitosa
DEBUG (init.php) - session_id(): 0c35bb119d80cd103ebd252d5517823a
Conexión exitosa
DEBUG (init.php) - session_id(): 0c35bb119d80cd103ebd252d5517823a
Conexión exitosa
DEBUG (init.php) - session_id(): 0c35bb119d80cd103ebd252d5517823a
Conexión exitosa
DEBUG (init.php) - session_id(): 7d428653f5b42021e9f98d303dfba260
Conexión exitosa
DEBUG (init.php) - session_id(): 7d428653f5b42021e9f98d303dfba260
Conexión exitosa
DEBUG (init.php) - session_id(): 7d428653f5b42021e9f98d303dfba260
Conexión exitosa
DEBUG (init.php) - session_id(): 7d428653f5b42021e9f98d303dfba260
Conexión exitosa
DEBUG (init.php) - session_id(): 947494fb12151ce89e217c23b3863502
Conexión exitosa
DEBUG (init.php) - session_id(): 4acf59bcdc7dbbb95e641c72e784b34d
Conexión exitosa
DEBUG (init.php) - session_id(): 4acf59bcdc7dbbb95e641c72e784b34d
Conexión exitosa
DEBUG (init.php) - session_id(): 4acf59bcdc7dbbb95e641c72e784b34d
Conexión exitosa
DEBUG (init.php) - session_id(): 4acf59bcdc7dbbb95e641c72e784b34d
Conexión exitosa
DEBUG (init.php) - session_id(): 44e1402c19f4bc0bd3c7e5b8b7a79e60
Conexión exitosa
DEBUG (init.php) - session_id(): b44be0b75880901aa2089095c653748e
Conexión exitosa
DEBUG (init.php) - session_id(): fc9d48d7c724bcfac0d80075d9960d26
Conexión exitosa
DEBUG (init.php) - session_id(): 7b246da3daec760835cb9dd98d382a89
Conexión exitosa
DEBUG (init.php) - session_id(): 7b246da3daec760835cb9dd98d382a89
Conexión exitosa
DEBUG (init.php) - session_id(): 7b246da3daec760835cb9dd98d382a89
Conexión exitosa
DEBUG (init.php) - session_id(): 7b246da3daec760835cb9dd98d382a89
Conexión exitosa
DEBUG (init.php) - session_id(): 7b246da3daec760835cb9dd98d382a89
Conexión exitosa
DEBUG (init.php) - session_id(): 31b02721b518ede0ab39ac676983ceba
Conexión exitosa
Conexión exitosa
Conexión exitosa
DEBUG (panelAlumno.php) - session_id(): 31b02721b518ede0ab39ac676983ceba
DEBUG (panelAlumno.php) - Usuario en sesión: 29048609T
DEBUG (panelAlumno.php) - Rol en sesión: Alumno
DEBUG (init.php) - session_id(): 0d87858f69f5200c79d7a9df1ac24b0d
Conexión exitosa
DEBUG (init.php) - session_id(): 0d87858f69f5200c79d7a9df1ac24b0d
Conexión exitosa
DEBUG (init.php) - session_id(): 0d87858f69f5200c79d7a9df1ac24b0d
Conexión exitosa
DEBUG (init.php) - session_id(): cab41fe450597d73a4af35572e5f7be2
Conexión exitosa
Conexión exitosa
Conexión exitosa
DEBUG (panelAlumno.php) - session_id(): cab41fe450597d73a4af35572e5f7be2
DEBUG (panelAlumno.php) - Usuario en sesión: 29048609T
DEBUG (panelAlumno.php) - Rol en sesión: Alumno
DEBUG (init.php) - session_id(): cf4d1cf2aab6f18d262cdcb0d9ff423c
Conexión exitosa
Conexión exitosa
Conexión exitosa
DEBUG (panelAlumno.php) - session_id(): cf4d1cf2aab6f18d262cdcb0d9ff423c
DEBUG (panelAlumno.php) - Usuario en sesión: 29048609T
DEBUG (panelAlumno.php) - Rol en sesión: Alumno
DEBUG (init.php) - session_id(): cf4d1cf2aab6f18d262cdcb0d9ff423c
Conexión exitosa
Conexión exitosa
Conexión exitosa
DEBUG (panelAlumno.php) - session_id(): cf4d1cf2aab6f18d262cdcb0d9ff423c
DEBUG (panelAlumno.php) - Usuario en sesión: 29048609T
DEBUG (panelAlumno.php) - Rol en sesión: Alumno
DEBUG (init.php) - session_id(): cf4d1cf2aab6f18d262cdcb0d9ff423c
Conexión exitosa
Conexión exitosa
Conexión exitosa
DEBUG (panelAlumno.php) - session_id(): cf4d1cf2aab6f18d262cdcb0d9ff423c
DEBUG (panelAlumno.php) - Usuario en sesión: 29048609T
DEBUG (panelAlumno.php) - Rol en sesión: Alumno
DEBUG (init.php) - session_id(): cf4d1cf2aab6f18d262cdcb0d9ff423c
Conexión exitosa
Conexión exitosa
Conexión exitosa
DEBUG (panelAlumno.php) - session_id(): cf4d1cf2aab6f18d262cdcb0d9ff423c
DEBUG (panelAlumno.php) - Usuario en sesión: 29048609T
DEBUG (panelAlumno.php) - Rol en sesión: Alumno
DEBUG (init.php) - session_id(): cf4d1cf2aab6f18d262cdcb0d9ff423c
Conexión exitosa
Conexión exitosa
Conexión exitosa
DEBUG (panelAlumno.php) - session_id(): cf4d1cf2aab6f18d262cdcb0d9ff423c
DEBUG (panelAlumno.php) - Usuario en sesión: 29048609T
DEBUG (panelAlumno.php) - Rol en sesión: Alumno
DEBUG (init.php) - session_id(): 7163ffcfb3cb35f82654cd2a909a71a4
Conexión exitosa
Conexión exitosa
Conexión exitosa
DEBUG (panelAlumno.php) - session_id(): 7163ffcfb3cb35f82654cd2a909a71a4
DEBUG (panelAlumno.php) - Usuario en sesión: 29048609T
DEBUG (panelAlumno.php) - Rol en sesión: Alumno
DEBUG (init.php) - session_id(): 7163ffcfb3cb35f82654cd2a909a71a4
Conexión exitosa
Conexión exitosa
Conexión exitosa
DEBUG (panelAlumno.php) - session_id(): 7163ffcfb3cb35f82654cd2a909a71a4
DEBUG (panelAlumno.php) - Usuario en sesión: 29048609T
DEBUG (panelAlumno.php) - Rol en sesión: Alumno
DEBUG (init.php) - session_id(): ff5d2fd5e70f04aa8e904aae7b9c2352
Conexión exitosa
Conexión exitosa
Conexión exitosa
DEBUG (panelAlumno.php) - session_id(): ff5d2fd5e70f04aa8e904aae7b9c2352
DEBUG (panelAlumno.php) - Usuario en sesión: 29048609T
DEBUG (panelAlumno.php) - Rol en sesión: Alumno
DEBUG (init.php) - session_id(): d66e238258d36ccff20ed084c7f6536a
Conexión exitosa
Conexión exitosa
Conexión exitosa
DEBUG (panelAlumno.php) - session_id(): d66e238258d36ccff20ed084c7f6536a
DEBUG (panelAlumno.php) - Usuario en sesión: 29048609T
DEBUG (panelAlumno.php) - Rol en sesión: Alumno
DEBUG (init.php) - session_id(): 3433fe2c838a95f8a5878b70124e8ba8
Conexión exitosa
DEBUG (init.php) - session_id(): d383e747e68125bf4662c4e91895c188
Conexión exitosa
Conexión exitosa
Conexión exitosa
DEBUG (panelAlumno.php) - session_id(): d383e747e68125bf4662c4e91895c188
DEBUG (panelAlumno.php) - Usuario en sesión: 29048609T
DEBUG (panelAlumno.php) - Rol en sesión: Alumno
DEBUG (init.php) - session_id(): d383e747e68125bf4662c4e91895c188
Conexión exitosa
Conexión exitosa
Conexión exitosa
DEBUG (init.php) - session_id(): d383e747e68125bf4662c4e91895c188
Conexión exitosa
Conexión exitosa
Conexión exitosa
Conexión exitosa
DEBUG (init.php) - session_id(): 6722a185d510021a52fdce269eca8ffe
Conexión exitosa
Conexión exitosa
Conexión exitosa
Conexión exitosa
DEBUG (panelAlumno.php) - session_id(): 6722a185d510021a52fdce269eca8ffe
DEBUG (panelAlumno.php) - Usuario en sesión: 29048609T
DEBUG (panelAlumno.php) - Rol en sesión: Alumno
DEBUG (init.php) - session_id(): 6722a185d510021a52fdce269eca8ffe
Conexión exitosa
Conexión exitosa
Conexión exitosa
Conexión exitosa
DEBUG (panelAlumno.php) - session_id(): 6722a185d510021a52fdce269eca8ffe
DEBUG (panelAlumno.php) - Usuario en sesión: 29048609T
DEBUG (panelAlumno.php) - Rol en sesión: Alumno
DEBUG (init.php) - session_id(): 6722a185d510021a52fdce269eca8ffe
Conexión exitosa
Conexión exitosa
Conexión exitosa
Conexión exitosa
DEBUG (panelAlumno.php) - session_id(): 6722a185d510021a52fdce269eca8ffe
DEBUG (panelAlumno.php) - Usuario en sesión: 29048609T
DEBUG (panelAlumno.php) - Rol en sesión: Alumno
DEBUG (init.php) - session_id(): 6722a185d510021a52fdce269eca8ffe
Conexión exitosa
Conexión exitosa
Conexión exitosa
Conexión exitosa
DEBUG (panelAlumno.php) - session_id(): 6722a185d510021a52fdce269eca8ffe
DEBUG (panelAlumno.php) - Usuario en sesión: 29048609T
DEBUG (panelAlumno.php) - Rol en sesión: Alumno
DEBUG (init.php) - session_id(): 59ac450c854cb913501477eb6f37eee3
Conexión exitosa
Conexión exitosa
Conexión exitosa
Conexión exitosa
DEBUG (panelAlumno.php) - session_id(): 59ac450c854cb913501477eb6f37eee3
DEBUG (panelAlumno.php) - Usuario en sesión: 29048609T
DEBUG (panelAlumno.php) - Rol en sesión: Alumno
DEBUG (init.php) - session_id(): d9b2d552f7f96b27ac09ac139b93699f
Conexión exitosa
DEBUG (init.php) - session_id(): 6e8e7aebb508b2248f65aa878b8a08ff
Conexión exitosa
Conexión exitosa
Conexión exitosa
Conexión exitosa
DEBUG (panelAlumno.php) - session_id(): 6e8e7aebb508b2248f65aa878b8a08ff
DEBUG (panelAlumno.php) - Usuario en sesión: 29048609T
DEBUG (panelAlumno.php) - Rol en sesión: Alumno
DEBUG (init.php) - session_id(): 6e8e7aebb508b2248f65aa878b8a08ff
Conexión exitosa
Conexión exitosa
Conexión exitosa
Conexión exitosa
DEBUG (panelAlumno.php) - session_id(): 6e8e7aebb508b2248f65aa878b8a08ff
DEBUG (panelAlumno.php) - Usuario en sesión: 29048609T
DEBUG (panelAlumno.php) - Rol en sesión: Alumno
DEBUG (init.php) - session_id(): 6e8e7aebb508b2248f65aa878b8a08ff
Conexión exitosa
Conexión exitosa
Conexión exitosa
Conexión exitosa
DEBUG (panelAlumno.php) - session_id(): 6e8e7aebb508b2248f65aa878b8a08ff
DEBUG (panelAlumno.php) - Usuario en sesión: 29048609T
DEBUG (panelAlumno.php) - Rol en sesión: Alumno
DEBUG (init.php) - session_id(): 6e8e7aebb508b2248f65aa878b8a08ff
Conexión exitosa
Conexión exitosa
Conexión exitosa
Conexión exitosa
DEBUG (panelAlumno.php) - session_id(): 6e8e7aebb508b2248f65aa878b8a08ff
DEBUG (panelAlumno.php) - Usuario en sesión: 29048609T
DEBUG (panelAlumno.php) - Rol en sesión: Alumno
DEBUG (init.php) - session_id(): 6e8e7aebb508b2248f65aa878b8a08ff
Conexión exitosa
Conexión exitosa
Conexión exitosa
Conexión exitosa
DEBUG (panelAlumno.php) - session_id(): 6e8e7aebb508b2248f65aa878b8a08ff
DEBUG (panelAlumno.php) - Usuario en sesión: 29048609T
DEBUG (panelAlumno.php) - Rol en sesión: Alumno
DEBUG (init.php) - session_id(): 84a259b6fc33ffb47731a8c9d576a70f
Conexión exitosa
DEBUG (init.php) - session_id(): d32ff2fe8f9674f79f3ee3c291da4984
Conexión exitosa
DEBUG (init.php) - session_id(): ffc17a9105429c2fbc1673badb278d3c
Conexión exitosa
DEBUG (init.php) - session_id(): ffc17a9105429c2fbc1673badb278d3c
Conexión exitosa
DEBUG (init.php) - session_id(): dba5d8da4d4b3951728dea8829cf89e1
Conexión exitosa
Conexión exitosa
Conexión exitosa
Conexión exitosa
DEBUG (panelAlumno.php) - session_id(): dba5d8da4d4b3951728dea8829cf89e1
DEBUG (panelAlumno.php) - Usuario en sesión: 29048609T
DEBUG (panelAlumno.php) - Rol en sesión: Alumno
DEBUG (init.php) - session_id(): 11a6ed6dc8ea0b88654cc360c34123e1
Conexión exitosa
DEBUG (init.php) - session_id(): 11a6ed6dc8ea0b88654cc360c34123e1
Conexión exitosa
DEBUG (init.php) - session_id(): 11a6ed6dc8ea0b88654cc360c34123e1
Conexión exitosa
DEBUG (init.php) - session_id(): 11a6ed6dc8ea0b88654cc360c34123e1
Conexión exitosa
DEBUG (init.php) - session_id(): 11a6ed6dc8ea0b88654cc360c34123e1
Conexión exitosa
DEBUG (init.php) - session_id(): 11a6ed6dc8ea0b88654cc360c34123e1
Conexión exitosa
DEBUG (init.php) - session_id(): 11a6ed6dc8ea0b88654cc360c34123e1
Conexión exitosa
DEBUG (init.php) - session_id(): 11a6ed6dc8ea0b88654cc360c34123e1
Conexión exitosa
DEBUG (init.php) - session_id(): 35870302a9ac107a3b876247fbebf977
Conexión exitosa
Conexión exitosa
Conexión exitosa
Conexión exitosa
DEBUG (panelAlumno.php) - session_id(): 35870302a9ac107a3b876247fbebf977
DEBUG (panelAlumno.php) - Usuario en sesión: 29048298B
DEBUG (panelAlumno.php) - Rol en sesión: Alumno
DEBUG (init.php) - session_id(): 8636e73d76a16eb029886b8f32d6867f
Conexión exitosa
Conexión exitosa
Conexión exitosa
Conexión exitosa
DEBUG (panelAlumno.php) - session_id(): 8636e73d76a16eb029886b8f32d6867f
DEBUG (panelAlumno.php) - Usuario en sesión: 29048298B
DEBUG (panelAlumno.php) - Rol en sesión: Alumno
DEBUG (init.php) - session_id(): 3b7a9e14cf39ed686e639e952cdaa9cb
Conexión exitosa
DEBUG (init.php) - session_id(): 3b7a9e14cf39ed686e639e952cdaa9cb
Conexión exitosa
DEBUG (init.php) - session_id(): 8bfd0cf808f614da0471cabeea33fe6b
Conexión exitosa
Conexión exitosa
Conexión exitosa
Conexión exitosa
DEBUG (panelAlumno.php) - session_id(): 8bfd0cf808f614da0471cabeea33fe6b
DEBUG (panelAlumno.php) - Usuario en sesión: 29048298B
DEBUG (panelAlumno.php) - Rol en sesión: Alumno
DEBUG (init.php) - session_id(): 8bfd0cf808f614da0471cabeea33fe6b
Conexión exitosa
DEBUG (init.php) - session_id(): 7abea7c961dae3009d7bed8bf3226966
Conexión exitosa
DEBUG (init.php) - session_id(): 7abea7c961dae3009d7bed8bf3226966
Conexión exitosa
Conexión exitosa
Conexión exitosa
Conexión exitosa
DEBUG (panelAlumno.php) - session_id(): 7abea7c961dae3009d7bed8bf3226966
DEBUG (panelAlumno.php) - Usuario en sesión: 29048298B
DEBUG (panelAlumno.php) - Rol en sesión: Alumno
DEBUG (init.php) - session_id(): 9a861deb57a315af5a66f5847d4257cc
Conexión exitosa
Conexión exitosa
Conexión exitosa
Conexión exitosa
DEBUG (panelAlumno.php) - session_id(): 9a861deb57a315af5a66f5847d4257cc
DEBUG (panelAlumno.php) - Usuario en sesión: 29048298B
DEBUG (panelAlumno.php) - Rol en sesión: Alumno
DEBUG (init.php) - session_id(): 9a861deb57a315af5a66f5847d4257cc
Conexión exitosa
Conexión exitosa
Conexión exitosa
Conexión exitosa
DEBUG (panelAlumno.php) - session_id(): 9a861deb57a315af5a66f5847d4257cc
DEBUG (panelAlumno.php) - Usuario en sesión: 29048298B
DEBUG (panelAlumno.php) - Rol en sesión: Alumno
DEBUG (init.php) - session_id(): 9e60abf23773e779e6dde6eb13235582
Conexión exitosa
Conexión exitosa
Conexión exitosa
Conexión exitosa
DEBUG (panelAlumno.php) - session_id(): 9e60abf23773e779e6dde6eb13235582
DEBUG (panelAlumno.php) - Usuario en sesión: 29048298B
DEBUG (panelAlumno.php) - Rol en sesión: Alumno
DEBUG (init.php) - session_id(): eb086e24771eb6cf6f27a037f5462ad7
Conexión exitosa
Conexión exitosa
Conexión exitosa
Conexión exitosa
DEBUG (panelAlumno.php) - session_id(): eb086e24771eb6cf6f27a037f5462ad7
DEBUG (panelAlumno.php) - Usuario en sesión: 29048298B
DEBUG (panelAlumno.php) - Rol en sesión: Alumno
DEBUG (init.php) - session_id(): eb086e24771eb6cf6f27a037f5462ad7
Conexión exitosa
Conexión exitosa
Conexión exitosa
Conexión exitosa
DEBUG (panelAlumno.php) - session_id(): eb086e24771eb6cf6f27a037f5462ad7
DEBUG (panelAlumno.php) - Usuario en sesión: 29048298B
DEBUG (panelAlumno.php) - Rol en sesión: Alumno
DEBUG (init.php) - session_id(): eb086e24771eb6cf6f27a037f5462ad7
Conexión exitosa
Conexión exitosa
Conexión exitosa
Conexión exitosa
DEBUG (panelAlumno.php) - session_id(): eb086e24771eb6cf6f27a037f5462ad7
DEBUG (panelAlumno.php) - Usuario en sesión: 29048298B
DEBUG (panelAlumno.php) - Rol en sesión: Alumno
DEBUG (init.php) - session_id(): eb086e24771eb6cf6f27a037f5462ad7
Conexión exitosa
DEBUG (init.php) - session_id(): 83d3688b4daa9b0add6dca30c6d191b9
Conexión exitosa
Conexión exitosa
Conexión exitosa
Conexión exitosa
DEBUG (panelAlumno.php) - session_id(): 83d3688b4daa9b0add6dca30c6d191b9
DEBUG (panelAlumno.php) - Usuario en sesión: 29048298B
DEBUG (panelAlumno.php) - Rol en sesión: Alumno
DEBUG (init.php) - session_id(): 83d3688b4daa9b0add6dca30c6d191b9
Conexión exitosa
DEBUG (init.php) - session_id(): 83d3688b4daa9b0add6dca30c6d191b9
Conexión exitosa
Conexión exitosa
Conexión exitosa
Conexión exitosa
DEBUG (panelAlumno.php) - session_id(): 83d3688b4daa9b0add6dca30c6d191b9
DEBUG (panelAlumno.php) - Usuario en sesión: 29048298B
DEBUG (panelAlumno.php) - Rol en sesión: Alumno
DEBUG (init.php) - session_id(): 83d3688b4daa9b0add6dca30c6d191b9
Conexión exitosa
DEBUG (init.php) - session_id(): cdc5f861cb563b9419cc4dfa77d9937a
Conexión exitosa
DEBUG (init.php) - session_id(): cd5d07651475fac25dcb5d7b9f7ef933
Conexión exitosa
DEBUG (init.php) - session_id(): a205d623b8b00117b3c6472579c9caf1
Conexión exitosa
Conexión exitosa
Conexión exitosa
Conexión exitosa
DEBUG (panelAlumno.php) - session_id(): a205d623b8b00117b3c6472579c9caf1
DEBUG (panelAlumno.php) - Usuario en sesión: 29048298B
DEBUG (panelAlumno.php) - Rol en sesión: Alumno
DEBUG (init.php) - session_id(): a205d623b8b00117b3c6472579c9caf1
Conexión exitosa
DEBUG (init.php) - session_id(): afcd7230ad2382e043390187cab01ba5
Conexión exitosa
Conexión exitosa
Conexión exitosa
Conexión exitosa
DEBUG (panelAlumno.php) - session_id(): afcd7230ad2382e043390187cab01ba5
DEBUG (panelAlumno.php) - Usuario en sesión: 29048298B
DEBUG (panelAlumno.php) - Rol en sesión: Alumno
DEBUG (init.php) - session_id(): afcd7230ad2382e043390187cab01ba5
Conexión exitosa
DEBUG (init.php) - session_id(): d4d20a3aa691815eed148e75706c034d
Conexión exitosa
Conexión exitosa
Conexión exitosa
Conexión exitosa
DEBUG (panelAlumno.php) - session_id(): d4d20a3aa691815eed148e75706c034d
DEBUG (panelAlumno.php) - Usuario en sesión: 29048298B
DEBUG (panelAlumno.php) - Rol en sesión: Alumno
DEBUG (init.php) - session_id(): d4d20a3aa691815eed148e75706c034d
Conexión exitosa
DEBUG (init.php) - session_id(): d4d20a3aa691815eed148e75706c034d
Conexión exitosa
DEBUG (init.php) - session_id(): 41ff75e676f7a05af196b01df43f4b03
Conexión exitosa
Conexión exitosa
Conexión exitosa
Conexión exitosa
DEBUG (panelAlumno.php) - session_id(): 41ff75e676f7a05af196b01df43f4b03
DEBUG (panelAlumno.php) - Usuario en sesión: 29048298B
DEBUG (panelAlumno.php) - Rol en sesión: Alumno
DEBUG (init.php) - session_id(): 41ff75e676f7a05af196b01df43f4b03
Conexión exitosa
DEBUG (init.php) - session_id(): 9283c4c02e7da738434da95daac70df8
Conexión exitosa
Conexión exitosa
Conexión exitosa
Conexión exitosa
DEBUG (panelAlumno.php) - session_id(): 9283c4c02e7da738434da95daac70df8
DEBUG (panelAlumno.php) - Usuario en sesión: 29048298B
DEBUG (panelAlumno.php) - Rol en sesión: Alumno
DEBUG (init.php) - session_id(): 9283c4c02e7da738434da95daac70df8
Conexión exitosa
DEBUG (init.php) - session_id(): 5ebfa816a35ea694ecce83951fb09e5b
Conexión exitosa
Conexión exitosa
Conexión exitosa
Conexión exitosa
DEBUG (panelAlumno.php) - session_id(): 5ebfa816a35ea694ecce83951fb09e5b
DEBUG (panelAlumno.php) - Usuario en sesión: 29048298B
DEBUG (panelAlumno.php) - Rol en sesión: Alumno
DEBUG (init.php) - session_id(): 210189ce326929bb897266c64f5e8ab7
Conexión exitosa
Conexión exitosa
Conexión exitosa
Conexión exitosa
DEBUG (panelAlumno.php) - session_id(): 210189ce326929bb897266c64f5e8ab7
DEBUG (panelAlumno.php) - Usuario en sesión: 29048298B
DEBUG (panelAlumno.php) - Rol en sesión: Alumno
DEBUG (init.php) - session_id(): 162352aefd2579c1097e1b88f5113df1
Conexión exitosa
Conexión exitosa
Conexión exitosa
Conexión exitosa
DEBUG (panelAlumno.php) - session_id(): 162352aefd2579c1097e1b88f5113df1
DEBUG (panelAlumno.php) - Usuario en sesión: 29048298B
DEBUG (panelAlumno.php) - Rol en sesión: Alumno
DEBUG (init.php) - session_id(): 03439d6bb792f048f88cc0e9070b45ab
Conexión exitosa
DEBUG (init.php) - session_id(): 4b35a6881207eaaa72a3c047915de450
Conexión exitosa
DEBUG (init.php) - session_id(): fe5f7dc444e4e1e2f698a29270ef98a6
Conexión exitosa
Conexión exitosa
Conexión exitosa
Conexión exitosa
DEBUG (panelAlumno.php) - session_id(): fe5f7dc444e4e1e2f698a29270ef98a6
DEBUG (panelAlumno.php) - Usuario en sesión: 29048609T
DEBUG (panelAlumno.php) - Rol en sesión: Alumno
DEBUG (init.php) - session_id(): ebf357191184508d06c1ed7762308051
Conexión exitosa
DEBUG (init.php) - session_id(): ebf357191184508d06c1ed7762308051
Conexión exitosa
DEBUG (init.php) - session_id(): ebf357191184508d06c1ed7762308051
Conexión exitosa
DEBUG (init.php) - session_id(): ebf357191184508d06c1ed7762308051
Conexión exitosa
DEBUG (init.php) - session_id(): ebf357191184508d06c1ed7762308051
Conexión exitosa
DEBUG (init.php) - session_id(): ebf357191184508d06c1ed7762308051
Conexión exitosa
DEBUG (init.php) - session_id(): ebf357191184508d06c1ed7762308051
Conexión exitosa
DEBUG (init.php) - session_id(): ebf357191184508d06c1ed7762308051
Conexión exitosa
DEBUG (init.php) - session_id(): ebf357191184508d06c1ed7762308051
Conexión exitosa
DEBUG (init.php) - session_id(): ebf357191184508d06c1ed7762308051
Conexión exitosa
DEBUG (init.php) - session_id(): ebf357191184508d06c1ed7762308051
Conexión exitosa
DEBUG (init.php) - session_id(): d195c33e87f024f49598842266691341
Conexión exitosa
DEBUG (init.php) - session_id(): d195c33e87f024f49598842266691341
Conexión exitosa
DEBUG (init.php) - session_id(): d195c33e87f024f49598842266691341
Conexión exitosa
DEBUG (init.php) - session_id(): d195c33e87f024f49598842266691341
Conexión exitosa
DEBUG (init.php) - session_id(): d195c33e87f024f49598842266691341
Conexión exitosa
DEBUG (init.php) - session_id(): d195c33e87f024f49598842266691341
Conexión exitosa
DEBUG (init.php) - session_id(): d195c33e87f024f49598842266691341
Conexión exitosa
DEBUG (init.php) - session_id(): d195c33e87f024f49598842266691341
Conexión exitosa
DEBUG (init.php) - session_id(): d195c33e87f024f49598842266691341
Conexión exitosa
DEBUG (init.php) - session_id(): d195c33e87f024f49598842266691341
Conexión exitosa
DEBUG (init.php) - session_id(): d195c33e87f024f49598842266691341
Conexión exitosa
DEBUG (init.php) - session_id(): d195c33e87f024f49598842266691341
Conexión exitosa
DEBUG (init.php) - session_id(): d195c33e87f024f49598842266691341
Conexión exitosa
DEBUG (init.php) - session_id(): d195c33e87f024f49598842266691341
Conexión exitosa
DEBUG (init.php) - session_id(): d195c33e87f024f49598842266691341
Conexión exitosa
DEBUG (init.php) - session_id(): d195c33e87f024f49598842266691341
Conexión exitosa
DEBUG (init.php) - session_id(): d195c33e87f024f49598842266691341
Conexión exitosa
DEBUG (init.php) - session_id(): d195c33e87f024f49598842266691341
Conexión exitosa
DEBUG (init.php) - session_id(): d195c33e87f024f49598842266691341
Conexión exitosa
DEBUG (init.php) - session_id(): d195c33e87f024f49598842266691341
Conexión exitosa
DEBUG (init.php) - session_id(): d195c33e87f024f49598842266691341
Conexión exitosa
DEBUG (init.php) - session_id(): d195c33e87f024f49598842266691341
Conexión exitosa
DEBUG (init.php) - session_id(): d195c33e87f024f49598842266691341
Conexión exitosa
DEBUG (init.php) - session_id(): d195c33e87f024f49598842266691341
Conexión exitosa
DEBUG (init.php) - session_id(): d195c33e87f024f49598842266691341
Conexión exitosa
DEBUG (init.php) - session_id(): d195c33e87f024f49598842266691341
Conexión exitosa
DEBUG (init.php) - session_id(): d195c33e87f024f49598842266691341
Conexión exitosa
DEBUG (init.php) - session_id(): d195c33e87f024f49598842266691341
Conexión exitosa
DEBUG (init.php) - session_id(): 7c5c67d50ebf1dc862665ae2c2b4cd19
Conexión exitosa
DEBUG (init.php) - session_id(): 7c5c67d50ebf1dc862665ae2c2b4cd19
Conexión exitosa
DEBUG (init.php) - session_id(): 7c5c67d50ebf1dc862665ae2c2b4cd19
Conexión exitosa
DEBUG (init.php) - session_id(): 7c5c67d50ebf1dc862665ae2c2b4cd19
Conexión exitosa
DEBUG (init.php) - session_id(): 7c5c67d50ebf1dc862665ae2c2b4cd19
Conexión exitosa
DEBUG (init.php) - session_id(): 7c5c67d50ebf1dc862665ae2c2b4cd19
Conexión exitosa
DEBUG (init.php) - session_id(): 7c5c67d50ebf1dc862665ae2c2b4cd19
Conexión exitosa
DEBUG (init.php) - session_id(): 9113cb5e384388eeed4497e9efbe84c4
Conexión exitosa
DEBUG (init.php) - session_id(): 9113cb5e384388eeed4497e9efbe84c4
Conexión exitosa
DEBUG (init.php) - session_id(): 9113cb5e384388eeed4497e9efbe84c4
Conexión exitosa
DEBUG (init.php) - session_id(): 64d13dc4905c58ae0450783c0d7aefc3
Conexión exitosa
DEBUG (init.php) - session_id(): 64d13dc4905c58ae0450783c0d7aefc3
Conexión exitosa
DEBUG (init.php) - session_id(): 64d13dc4905c58ae0450783c0d7aefc3
Conexión exitosa
DEBUG (init.php) - session_id(): 8b2a71703a6ff24d262d52e64879f09b
Conexión exitosa
DEBUG (init.php) - session_id(): 6369ff2f6be22e4bd6e914b526551422
Conexión exitosa
DEBUG (init.php) - session_id(): 6369ff2f6be22e4bd6e914b526551422
Conexión exitosa
DEBUG (init.php) - session_id(): 521a866b16f991a909a2c89bdadcfecf
Conexión exitosa
DEBUG (init.php) - session_id(): f3c34785482a46a1117b56d9d6a0e24d
Conexión exitosa
DEBUG (init.php) - session_id(): 02f5e7fd5941e7c2e8d163467539c889
Conexión exitosa
DEBUG (init.php) - session_id(): 02f5e7fd5941e7c2e8d163467539c889
Conexión exitosa
DEBUG (init.php) - session_id(): 02f5e7fd5941e7c2e8d163467539c889
Conexión exitosa
DEBUG (init.php) - session_id(): 515b7a3f6c3d80f87f5c4731fd0bc720
Conexión exitosa
DEBUG (init.php) - session_id(): 515b7a3f6c3d80f87f5c4731fd0bc720
Conexión exitosa
DEBUG (init.php) - session_id(): 515b7a3f6c3d80f87f5c4731fd0bc720
Conexión exitosa
DEBUG (init.php) - session_id(): e6fe247118ba06c8956269d49f5a0002
Conexión exitosa
DEBUG (init.php) - session_id(): e6fe247118ba06c8956269d49f5a0002
Conexión exitosa
DEBUG (init.php) - session_id(): e6fe247118ba06c8956269d49f5a0002
Conexión exitosa
DEBUG (init.php) - session_id(): e6fe247118ba06c8956269d49f5a0002
Conexión exitosa
DEBUG (init.php) - session_id(): e6fe247118ba06c8956269d49f5a0002
Conexión exitosa
DEBUG (init.php) - session_id(): e0f9850ee0b21655dac1a0d9fafd8c9c
Conexión exitosa
DEBUG (init.php) - session_id(): 742d0eef487b091ab41c60f8d0d1f6ce
Conexión exitosa
DEBUG (init.php) - session_id(): 742d0eef487b091ab41c60f8d0d1f6ce
Conexión exitosa
DEBUG (init.php) - session_id(): 742d0eef487b091ab41c60f8d0d1f6ce
Conexión exitosa
DEBUG (init.php) - session_id(): 742d0eef487b091ab41c60f8d0d1f6ce
Conexión exitosa
DEBUG (init.php) - session_id(): 742d0eef487b091ab41c60f8d0d1f6ce
Conexión exitosa
DEBUG (init.php) - session_id(): 742d0eef487b091ab41c60f8d0d1f6ce
Conexión exitosa
DEBUG (init.php) - session_id(): 742d0eef487b091ab41c60f8d0d1f6ce
Conexión exitosa
DEBUG (init.php) - session_id(): c897413b27950edcd1c11505750f1f8c
Conexión exitosa
DEBUG (init.php) - session_id(): c897413b27950edcd1c11505750f1f8c
Conexión exitosa
DEBUG (init.php) - session_id(): c897413b27950edcd1c11505750f1f8c
Conexión exitosa
DEBUG (init.php) - session_id(): c897413b27950edcd1c11505750f1f8c
Conexión exitosa
DEBUG (init.php) - session_id(): c897413b27950edcd1c11505750f1f8c
Conexión exitosa
DEBUG (init.php) - session_id(): c897413b27950edcd1c11505750f1f8c
Conexión exitosa
DEBUG (init.php) - session_id(): 6d7addf7efbad91220848e342f605194
Conexión exitosa
DEBUG (init.php) - session_id(): 6d7addf7efbad91220848e342f605194
Conexión exitosa
DEBUG (init.php) - session_id(): 6d7addf7efbad91220848e342f605194
Conexión exitosa
DEBUG (init.php) - session_id(): 6d7addf7efbad91220848e342f605194
Conexión exitosa
DEBUG (init.php) - session_id(): 6d7addf7efbad91220848e342f605194
Conexión exitosa
DEBUG (init.php) - session_id(): 6d7addf7efbad91220848e342f605194
Conexión exitosa
DEBUG (init.php) - session_id(): 6b4ff3c422dfa0612f73bcbc61a7309a
Conexión exitosa
DEBUG (init.php) - session_id(): 6b4ff3c422dfa0612f73bcbc61a7309a
Conexión exitosa
DEBUG (init.php) - session_id(): 6b4ff3c422dfa0612f73bcbc61a7309a
Conexión exitosa
DEBUG (init.php) - session_id(): 6b4ff3c422dfa0612f73bcbc61a7309a
Conexión exitosa
DEBUG (init.php) - session_id(): b415ef24703c98047d9a990f02db2caa
Conexión exitosa
DEBUG (init.php) - session_id(): b415ef24703c98047d9a990f02db2caa
Conexión exitosa
DEBUG (init.php) - session_id(): b415ef24703c98047d9a990f02db2caa
Conexión exitosa
DEBUG (init.php) - session_id(): b415ef24703c98047d9a990f02db2caa
Conexión exitosa
DEBUG (init.php) - session_id(): b415ef24703c98047d9a990f02db2caa
Conexión exitosa
DEBUG (init.php) - session_id(): b84d71cb0a3bc54f3c2e3d77a80cdd3a
Conexión exitosa
DEBUG (init.php) - session_id(): 4a1b0acf1053725031814881c8ee6fc4
Conexión exitosa
DEBUG (init.php) - session_id(): 4a1b0acf1053725031814881c8ee6fc4
Conexión exitosa
DEBUG (init.php) - session_id(): 5e290ffb47f8947830c92a2b2d888329
Conexión exitosa
DEBUG (init.php) - session_id(): 5e290ffb47f8947830c92a2b2d888329
Conexión exitosa
DEBUG (init.php) - session_id(): 5e290ffb47f8947830c92a2b2d888329
Conexión exitosa
DEBUG (init.php) - session_id(): 5e290ffb47f8947830c92a2b2d888329
Conexión exitosa
DEBUG (init.php) - session_id(): 5e290ffb47f8947830c92a2b2d888329
Conexión exitosa
DEBUG (init.php) - session_id(): 5e290ffb47f8947830c92a2b2d888329
Conexión exitosa
DEBUG (init.php) - session_id(): 5e290ffb47f8947830c92a2b2d888329
Conexión exitosa
DEBUG (init.php) - session_id(): 5e290ffb47f8947830c92a2b2d888329
Conexión exitosa
DEBUG (init.php) - session_id(): 5e290ffb47f8947830c92a2b2d888329
Conexión exitosa
DEBUG (init.php) - session_id(): 5e290ffb47f8947830c92a2b2d888329
Conexión exitosa
DEBUG (init.php) - session_id(): 5e290ffb47f8947830c92a2b2d888329
Conexión exitosa
DEBUG (init.php) - session_id(): 5e290ffb47f8947830c92a2b2d888329
Conexión exitosa
DEBUG (init.php) - session_id(): 6854b72d4462689b2d73335b37f4ffda
Conexión exitosa
Conexión exitosa
Conexión exitosa
Conexión exitosa
DEBUG (panelAlumno.php) - session_id(): 6854b72d4462689b2d73335b37f4ffda
DEBUG (panelAlumno.php) - Usuario en sesión: 29048298B
DEBUG (panelAlumno.php) - Rol en sesión: Alumno
DEBUG (init.php) - session_id(): da60823e6da69be108a9e3ea130c575b
Conexión exitosa
DEBUG (init.php) - session_id(): da60823e6da69be108a9e3ea130c575b
Conexión exitosa
DEBUG (init.php) - session_id(): da60823e6da69be108a9e3ea130c575b
Conexión exitosa
DEBUG (init.php) - session_id(): da60823e6da69be108a9e3ea130c575b
Conexión exitosa
DEBUG (init.php) - session_id(): d740d6049f171dd23da191efc85660eb
Conexión exitosa
DEBUG (init.php) - session_id(): dc9ae603ec008232a4da4d2e8d6dcb69
Conexión exitosa
DEBUG (init.php) - session_id(): dc9ae603ec008232a4da4d2e8d6dcb69
Conexión exitosa
DEBUG (init.php) - session_id(): dc9ae603ec008232a4da4d2e8d6dcb69
Conexión exitosa
DEBUG (init.php) - session_id(): dc9ae603ec008232a4da4d2e8d6dcb69
Conexión exitosa
DEBUG (init.php) - session_id(): dc9ae603ec008232a4da4d2e8d6dcb69
Conexión exitosa
DEBUG (init.php) - session_id(): f7bb95127b966a1615892114a3509458
Conexión exitosa
DEBUG (init.php) - session_id(): 2db43313b8d890fcee1d58b18b27f428
Conexión exitosa
DEBUG (init.php) - session_id(): 1649345a021eed6f35677a0f9683a1c2
Conexión exitosa
Conexión exitosa
Conexión exitosa
Conexión exitosa
DEBUG (panelAlumno.php) - session_id(): 1649345a021eed6f35677a0f9683a1c2
DEBUG (panelAlumno.php) - Usuario en sesión: 29048298B
DEBUG (panelAlumno.php) - Rol en sesión: Alumno
DEBUG (init.php) - session_id(): 99fdb394c0069c4b3de8822c64558d90
Conexión exitosa
DEBUG (init.php) - session_id(): 64b70942f9fb42b92546ce39173a7be7
Conexión exitosa
DEBUG (init.php) - session_id(): 7154e93866de37200b7caa845af10605
Conexión exitosa
DEBUG (init.php) - session_id(): 7154e93866de37200b7caa845af10605
Conexión exitosa
DEBUG (init.php) - session_id(): 9f1daa7d533ab0a20ecf74dfa2ef726b
Conexión exitosa
DEBUG (init.php) - session_id(): 9f1daa7d533ab0a20ecf74dfa2ef726b
Conexión exitosa
DEBUG (init.php) - session_id(): 9f1daa7d533ab0a20ecf74dfa2ef726b
Conexión exitosa
DEBUG (init.php) - session_id(): 9f1daa7d533ab0a20ecf74dfa2ef726b
Conexión exitosa
DEBUG (init.php) - session_id(): 9f1daa7d533ab0a20ecf74dfa2ef726b
Conexión exitosa
DEBUG (init.php) - session_id(): 11787a0fc1d5d8a6924d420ecc6b901c
Conexión exitosa
DEBUG (init.php) - session_id(): 11787a0fc1d5d8a6924d420ecc6b901c
Conexión exitosa
DEBUG (init.php) - session_id(): 11787a0fc1d5d8a6924d420ecc6b901c
Conexión exitosa
DEBUG (init.php) - session_id(): 11787a0fc1d5d8a6924d420ecc6b901c
Conexión exitosa
DEBUG (init.php) - session_id(): 11787a0fc1d5d8a6924d420ecc6b901c
Conexión exitosa
DEBUG (init.php) - session_id(): 11787a0fc1d5d8a6924d420ecc6b901c
Conexión exitosa
DEBUG (init.php) - session_id(): 11787a0fc1d5d8a6924d420ecc6b901c
Conexión exitosa
DEBUG (init.php) - session_id(): 11787a0fc1d5d8a6924d420ecc6b901c
Conexión exitosa
DEBUG (init.php) - session_id(): 11787a0fc1d5d8a6924d420ecc6b901c
Conexión exitosa
DEBUG (init.php) - session_id(): 11787a0fc1d5d8a6924d420ecc6b901c
Conexión exitosa
DEBUG (init.php) - session_id(): 11787a0fc1d5d8a6924d420ecc6b901c
Conexión exitosa
DEBUG (init.php) - session_id(): 11787a0fc1d5d8a6924d420ecc6b901c
Conexión exitosa
DEBUG (init.php) - session_id(): 11787a0fc1d5d8a6924d420ecc6b901c
Conexión exitosa
DEBUG (init.php) - session_id(): 11787a0fc1d5d8a6924d420ecc6b901c
Conexión exitosa
DEBUG (init.php) - session_id(): 11787a0fc1d5d8a6924d420ecc6b901c
Conexión exitosa
DEBUG (init.php) - session_id(): 11787a0fc1d5d8a6924d420ecc6b901c
Conexión exitosa
DEBUG (init.php) - session_id(): 11787a0fc1d5d8a6924d420ecc6b901c
Conexión exitosa
DEBUG (init.php) - session_id(): 11787a0fc1d5d8a6924d420ecc6b901c
Conexión exitosa
DEBUG (init.php) - session_id(): 11787a0fc1d5d8a6924d420ecc6b901c
Conexión exitosa
DEBUG (init.php) - session_id(): 11787a0fc1d5d8a6924d420ecc6b901c
Conexión exitosa
DEBUG (init.php) - session_id(): 11787a0fc1d5d8a6924d420ecc6b901c
Conexión exitosa
DEBUG (init.php) - session_id(): 11787a0fc1d5d8a6924d420ecc6b901c
Conexión exitosa
DEBUG (init.php) - session_id(): 11787a0fc1d5d8a6924d420ecc6b901c
Conexión exitosa
DEBUG (init.php) - session_id(): 11787a0fc1d5d8a6924d420ecc6b901c
Conexión exitosa
DEBUG (init.php) - session_id(): 11787a0fc1d5d8a6924d420ecc6b901c
Conexión exitosa
DEBUG (init.php) - session_id(): 11787a0fc1d5d8a6924d420ecc6b901c
Conexión exitosa
DEBUG (init.php) - session_id(): 11787a0fc1d5d8a6924d420ecc6b901c
Conexión exitosa
DEBUG (init.php) - session_id(): 11787a0fc1d5d8a6924d420ecc6b901c
Conexión exitosa
DEBUG (init.php) - session_id(): 11787a0fc1d5d8a6924d420ecc6b901c
Conexión exitosa
DEBUG (init.php) - session_id(): 11787a0fc1d5d8a6924d420ecc6b901c
Conexión exitosa
DEBUG (init.php) - session_id(): 11787a0fc1d5d8a6924d420ecc6b901c
Conexión exitosa
DEBUG (init.php) - session_id(): 11787a0fc1d5d8a6924d420ecc6b901c
Conexión exitosa
DEBUG (init.php) - session_id(): 11787a0fc1d5d8a6924d420ecc6b901c
Conexión exitosa
DEBUG (init.php) - session_id(): 11787a0fc1d5d8a6924d420ecc6b901c
Conexión exitosa
DEBUG (init.php) - session_id(): 11787a0fc1d5d8a6924d420ecc6b901c
Conexión exitosa
DEBUG (init.php) - session_id(): 11787a0fc1d5d8a6924d420ecc6b901c
Conexión exitosa
DEBUG (init.php) - session_id(): 11787a0fc1d5d8a6924d420ecc6b901c
Conexión exitosa
DEBUG (init.php) - session_id(): 11787a0fc1d5d8a6924d420ecc6b901c
Conexión exitosa
DEBUG (init.php) - session_id(): 11787a0fc1d5d8a6924d420ecc6b901c
Conexión exitosa
DEBUG (init.php) - session_id(): 11787a0fc1d5d8a6924d420ecc6b901c
Conexión exitosa
DEBUG (init.php) - session_id(): 11787a0fc1d5d8a6924d420ecc6b901c
Conexión exitosa
DEBUG (init.php) - session_id(): 11787a0fc1d5d8a6924d420ecc6b901c
Conexión exitosa
DEBUG (init.php) - session_id(): 11787a0fc1d5d8a6924d420ecc6b901c
Conexión exitosa
DEBUG (init.php) - session_id(): 11787a0fc1d5d8a6924d420ecc6b901c
Conexión exitosa
DEBUG (init.php) - session_id(): bd319358700cab32095832f35f7e029f
Conexión exitosa
DEBUG (init.php) - session_id(): 8105f897d5b837010cc621987dd2d88e
Conexión exitosa
DEBUG (init.php) - session_id(): 8105f897d5b837010cc621987dd2d88e
Conexión exitosa
DEBUG (init.php) - session_id(): 8105f897d5b837010cc621987dd2d88e
Conexión exitosa
DEBUG (init.php) - session_id(): 8105f897d5b837010cc621987dd2d88e
Conexión exitosa
DEBUG (init.php) - session_id(): 8105f897d5b837010cc621987dd2d88e
Conexión exitosa
DEBUG (init.php) - session_id(): 8105f897d5b837010cc621987dd2d88e
Conexión exitosa
DEBUG (init.php) - session_id(): 8105f897d5b837010cc621987dd2d88e
Conexión exitosa
DEBUG (init.php) - session_id(): 8105f897d5b837010cc621987dd2d88e
Conexión exitosa
DEBUG (init.php) - session_id(): 8105f897d5b837010cc621987dd2d88e
Conexión exitosa
DEBUG (init.php) - session_id(): 8105f897d5b837010cc621987dd2d88e
Conexión exitosa
DEBUG (init.php) - session_id(): 8105f897d5b837010cc621987dd2d88e
Conexión exitosa
DEBUG (init.php) - session_id(): 8105f897d5b837010cc621987dd2d88e
Conexión exitosa
DEBUG (init.php) - session_id(): ddb8ba323fc39b44b4ea98d703e852ee
Conexión exitosa
DEBUG (init.php) - session_id(): ddb8ba323fc39b44b4ea98d703e852ee
Conexión exitosa
DEBUG (init.php) - session_id(): ddb8ba323fc39b44b4ea98d703e852ee
Conexión exitosa
DEBUG (init.php) - session_id(): ddb8ba323fc39b44b4ea98d703e852ee
Conexión exitosa
DEBUG (init.php) - session_id(): ddb8ba323fc39b44b4ea98d703e852ee
Conexión exitosa
DEBUG (init.php) - session_id(): ddb8ba323fc39b44b4ea98d703e852ee
Conexión exitosa
DEBUG (init.php) - session_id(): ddb8ba323fc39b44b4ea98d703e852ee
Conexión exitosa
DEBUG (init.php) - session_id(): ddb8ba323fc39b44b4ea98d703e852ee
Conexión exitosa
DEBUG (init.php) - session_id(): ddb8ba323fc39b44b4ea98d703e852ee
Conexión exitosa
DEBUG (init.php) - session_id(): ddb8ba323fc39b44b4ea98d703e852ee
Conexión exitosa
DEBUG (init.php) - session_id(): ddb8ba323fc39b44b4ea98d703e852ee
Conexión exitosa
DEBUG (init.php) - session_id(): ddb8ba323fc39b44b4ea98d703e852ee
Conexión exitosa
DEBUG (init.php) - session_id(): ddb8ba323fc39b44b4ea98d703e852ee
Conexión exitosa
DEBUG (init.php) - session_id(): ddb8ba323fc39b44b4ea98d703e852ee
Conexión exitosa
DEBUG (init.php) - session_id(): ddb8ba323fc39b44b4ea98d703e852ee
Conexión exitosa
DEBUG (init.php) - session_id(): ddb8ba323fc39b44b4ea98d703e852ee
Conexión exitosa
DEBUG (init.php) - session_id(): ddb8ba323fc39b44b4ea98d703e852ee
Conexión exitosa
DEBUG (init.php) - session_id(): ddb8ba323fc39b44b4ea98d703e852ee
Conexión exitosa
DEBUG (init.php) - session_id(): ddb8ba323fc39b44b4ea98d703e852ee
Conexión exitosa
DEBUG (init.php) - session_id(): ddb8ba323fc39b44b4ea98d703e852ee
Conexión exitosa
DEBUG (init.php) - session_id(): ddb8ba323fc39b44b4ea98d703e852ee
Conexión exitosa
DEBUG (init.php) - session_id(): ddb8ba323fc39b44b4ea98d703e852ee
Conexión exitosa
DEBUG (init.php) - session_id(): ddb8ba323fc39b44b4ea98d703e852ee
Conexión exitosa
DEBUG (init.php) - session_id(): ddb8ba323fc39b44b4ea98d703e852ee
Conexión exitosa
DEBUG (init.php) - session_id(): ddb8ba323fc39b44b4ea98d703e852ee
Conexión exitosa
DEBUG (init.php) - session_id(): ddb8ba323fc39b44b4ea98d703e852ee
Conexión exitosa
DEBUG (init.php) - session_id(): ddb8ba323fc39b44b4ea98d703e852ee
Conexión exitosa
DEBUG (init.php) - session_id(): 795e1262110dfd62b4bde7cb5e389c2b
Conexión exitosa
DEBUG (init.php) - session_id(): 63dbec88213d9a1e1718e717d4bc8213
Conexión exitosa
Conexión exitosa
Conexión exitosa
Conexión exitosa
DEBUG (panelAlumno.php) - session_id(): 63dbec88213d9a1e1718e717d4bc8213
DEBUG (panelAlumno.php) - Usuario en sesión: 22334455E
DEBUG (panelAlumno.php) - Rol en sesión: Alumno
DEBUG (init.php) - session_id(): fd67b3b1e0102bf77bd9f9b241e04988
Conexión exitosa
Conexión exitosa
Conexión exitosa
Conexión exitosa
DEBUG (panelAlumno.php) - session_id(): fd67b3b1e0102bf77bd9f9b241e04988
DEBUG (panelAlumno.php) - Usuario en sesión: 22334455E
DEBUG (panelAlumno.php) - Rol en sesión: Alumno
DEBUG (init.php) - session_id(): fd67b3b1e0102bf77bd9f9b241e04988
Conexión exitosa
Conexión exitosa
Conexión exitosa
Conexión exitosa
DEBUG (panelAlumno.php) - session_id(): fd67b3b1e0102bf77bd9f9b241e04988
DEBUG (panelAlumno.php) - Usuario en sesión: 22334455E
DEBUG (panelAlumno.php) - Rol en sesión: Alumno
DEBUG (init.php) - session_id(): fd67b3b1e0102bf77bd9f9b241e04988
Conexión exitosa
Conexión exitosa
Conexión exitosa
Conexión exitosa
DEBUG (panelAlumno.php) - session_id(): fd67b3b1e0102bf77bd9f9b241e04988
DEBUG (panelAlumno.php) - Usuario en sesión: 22334455E
DEBUG (panelAlumno.php) - Rol en sesión: Alumno
DEBUG (init.php) - session_id(): fd67b3b1e0102bf77bd9f9b241e04988
Conexión exitosa
Conexión exitosa
Conexión exitosa
Conexión exitosa
DEBUG (panelAlumno.php) - session_id(): fd67b3b1e0102bf77bd9f9b241e04988
DEBUG (panelAlumno.php) - Usuario en sesión: 22334455E
DEBUG (panelAlumno.php) - Rol en sesión: Alumno
DEBUG (init.php) - session_id(): fd67b3b1e0102bf77bd9f9b241e04988
Conexión exitosa
DEBUG (init.php) - session_id(): fd67b3b1e0102bf77bd9f9b241e04988
Conexión exitosa
Conexión exitosa
Conexión exitosa
Conexión exitosa
DEBUG (panelAlumno.php) - session_id(): fd67b3b1e0102bf77bd9f9b241e04988
DEBUG (panelAlumno.php) - Usuario en sesión: 22334455E
DEBUG (panelAlumno.php) - Rol en sesión: Alumno
DEBUG (init.php) - session_id(): 0d1853a3a8fa98f5f8792c4715e25bbb
Conexión exitosa
DEBUG (init.php) - session_id(): 412b42947125e3dc3e3d3d7f610d4fd0
Conexión exitosa
DEBUG (init.php) - session_id(): 559e93b44ac1d702df821ea604cdb8f9
Conexión exitosa
Conexión exitosa
Conexión exitosa
Conexión exitosa
DEBUG (panelAlumno.php) - session_id(): 559e93b44ac1d702df821ea604cdb8f9
DEBUG (panelAlumno.php) - Usuario en sesión: 22334455E
DEBUG (panelAlumno.php) - Rol en sesión: Alumno
DEBUG (init.php) - session_id(): 2976ea0a2f8dd32044f82720778c0ef6
Conexión exitosa
DEBUG (init.php) - session_id(): c4f1218672584ab693fc46e409c70dc9
Conexión exitosa
DEBUG (init.php) - session_id(): c4f1218672584ab693fc46e409c70dc9
Conexión exitosa
DEBUG (init.php) - session_id(): c4f1218672584ab693fc46e409c70dc9
Conexión exitosa
DEBUG (init.php) - session_id(): c4f1218672584ab693fc46e409c70dc9
Conexión exitosa
DEBUG (init.php) - session_id(): 0cbd587e979941638301c0895a00f7b6
Conexión exitosa
DEBUG (init.php) - session_id(): bd9e1dac0b71823585d13d0dacfc16bb
Conexión exitosa
DEBUG (init.php) - session_id(): b500557b29800ae7daed702e6571adef
Conexión exitosa
DEBUG (init.php) - session_id(): b500557b29800ae7daed702e6571adef
Conexión exitosa
DEBUG (init.php) - session_id(): b500557b29800ae7daed702e6571adef
Conexión exitosa
DEBUG (init.php) - session_id(): b500557b29800ae7daed702e6571adef
Conexión exitosa
DEBUG (init.php) - session_id(): e239a21a572d3c684454e2056630e6c1
Conexión exitosa
DEBUG (init.php) - session_id(): c7e05d486004e09d71e27fffadc675dd
Conexión exitosa
DEBUG (init.php) - session_id(): 29f0168c891e0c7b7db133c2555b1ead
Conexión exitosa
DEBUG (init.php) - session_id(): 29f0168c891e0c7b7db133c2555b1ead
Conexión exitosa
DEBUG (init.php) - session_id(): 29f0168c891e0c7b7db133c2555b1ead
Conexión exitosa
DEBUG (init.php) - session_id(): 29f0168c891e0c7b7db133c2555b1ead
Conexión exitosa
DEBUG (init.php) - session_id(): 29f0168c891e0c7b7db133c2555b1ead
Conexión exitosa
DEBUG (init.php) - session_id(): 29f0168c891e0c7b7db133c2555b1ead
Conexión exitosa
DEBUG (init.php) - session_id(): 29f0168c891e0c7b7db133c2555b1ead
Conexión exitosa
DEBUG (init.php) - session_id(): 29f0168c891e0c7b7db133c2555b1ead
Conexión exitosa
DEBUG (init.php) - session_id(): 29f0168c891e0c7b7db133c2555b1ead
Conexión exitosa
DEBUG (init.php) - session_id(): 29f0168c891e0c7b7db133c2555b1ead
Conexión exitosa
DEBUG (init.php) - session_id(): 29f0168c891e0c7b7db133c2555b1ead
Conexión exitosa
DEBUG (init.php) - session_id(): 29f0168c891e0c7b7db133c2555b1ead
Conexión exitosa
DEBUG (init.php) - session_id(): 29f0168c891e0c7b7db133c2555b1ead
Conexión exitosa
DEBUG (init.php) - session_id(): 29f0168c891e0c7b7db133c2555b1ead
Conexión exitosa
DEBUG (init.php) - session_id(): 95635679d7841de6d548a5c604fae0ea
Conexión exitosa
DEBUG (init.php) - session_id(): 95635679d7841de6d548a5c604fae0ea
Conexión exitosa
DEBUG (init.php) - session_id(): 95635679d7841de6d548a5c604fae0ea
Conexión exitosa
DEBUG (init.php) - session_id(): 95635679d7841de6d548a5c604fae0ea
Conexión exitosa
DEBUG (init.php) - session_id(): 95635679d7841de6d548a5c604fae0ea
Conexión exitosa
DEBUG (init.php) - session_id(): 95635679d7841de6d548a5c604fae0ea
Conexión exitosa
DEBUG (init.php) - session_id(): 95635679d7841de6d548a5c604fae0ea
Conexión exitosa
DEBUG (init.php) - session_id(): 95635679d7841de6d548a5c604fae0ea
Conexión exitosa
DEBUG (init.php) - session_id(): 95635679d7841de6d548a5c604fae0ea
Conexión exitosa
DEBUG (init.php) - session_id(): 95635679d7841de6d548a5c604fae0ea
Conexión exitosa
DEBUG (init.php) - session_id(): 95635679d7841de6d548a5c604fae0ea
Conexión exitosa
DEBUG (init.php) - session_id(): 95635679d7841de6d548a5c604fae0ea
Conexión exitosa
DEBUG (init.php) - session_id(): 95635679d7841de6d548a5c604fae0ea
Conexión exitosa
DEBUG (init.php) - session_id(): 95635679d7841de6d548a5c604fae0ea
Conexión exitosa
DEBUG (init.php) - session_id(): 95635679d7841de6d548a5c604fae0ea
Conexión exitosa
DEBUG (init.php) - session_id(): 95635679d7841de6d548a5c604fae0ea
Conexión exitosa
DEBUG (init.php) - session_id(): 95635679d7841de6d548a5c604fae0ea
Conexión exitosa
DEBUG (init.php) - session_id(): 95635679d7841de6d548a5c604fae0ea
Conexión exitosa
DEBUG (init.php) - session_id(): 95635679d7841de6d548a5c604fae0ea
Conexión exitosa
DEBUG (init.php) - session_id(): 95635679d7841de6d548a5c604fae0ea
Conexión exitosa
DEBUG (init.php) - session_id(): c9dcc92d964eeada44993c8ed60f8a04
Conexión exitosa
DEBUG (init.php) - session_id(): 883af7dd5b97b63e7de2574ebacaf0e8
Conexión exitosa
DEBUG (init.php) - session_id(): 883af7dd5b97b63e7de2574ebacaf0e8
Conexión exitosa
DEBUG (init.php) - session_id(): 883af7dd5b97b63e7de2574ebacaf0e8
Conexión exitosa
DEBUG (init.php) - session_id(): 883af7dd5b97b63e7de2574ebacaf0e8
Conexión exitosa
DEBUG (init.php) - session_id(): 883af7dd5b97b63e7de2574ebacaf0e8
Conexión exitosa
DEBUG (init.php) - session_id(): 883af7dd5b97b63e7de2574ebacaf0e8
Conexión exitosa
DEBUG (init.php) - session_id(): 883af7dd5b97b63e7de2574ebacaf0e8
Conexión exitosa
DEBUG (init.php) - session_id(): 883af7dd5b97b63e7de2574ebacaf0e8
Conexión exitosa
DEBUG (init.php) - session_id(): 883af7dd5b97b63e7de2574ebacaf0e8
Conexión exitosa
DEBUG (init.php) - session_id(): 883af7dd5b97b63e7de2574ebacaf0e8
Conexión exitosa
DEBUG (init.php) - session_id(): 3c9e53652c78efe6924c40874839241f
Conexión exitosa
DEBUG (init.php) - session_id(): 3c9e53652c78efe6924c40874839241f
Conexión exitosa
DEBUG (init.php) - session_id(): 3c9e53652c78efe6924c40874839241f
Conexión exitosa
DEBUG (init.php) - session_id(): 3c9e53652c78efe6924c40874839241f
Conexión exitosa
DEBUG (init.php) - session_id(): 3c9e53652c78efe6924c40874839241f
Conexión exitosa
DEBUG (init.php) - session_id(): 3c9e53652c78efe6924c40874839241f
Conexión exitosa
DEBUG (init.php) - session_id(): 3c9e53652c78efe6924c40874839241f
DEBUG (init.php) - Sesión expirada
DEBUG (init.php) - session_id(): 8dbef7e5c7da841668854f9a7497a20c
Conexión exitosa
DEBUG (init.php) - session_id(): 8dbef7e5c7da841668854f9a7497a20c
Conexión exitosa
DEBUG (init.php) - session_id(): 8dbef7e5c7da841668854f9a7497a20c
Conexión exitosa
DEBUG (init.php) - session_id(): 8dbef7e5c7da841668854f9a7497a20c
Conexión exitosa
DEBUG (init.php) - session_id(): 8dbef7e5c7da841668854f9a7497a20c
Conexión exitosa
DEBUG (init.php) - session_id(): 97822f02a671850ba77b8044bc3735ea
Conexión exitosa
Conexión exitosa
Conexión exitosa
Conexión exitosa
DEBUG (panelAlumno.php) - session_id(): 97822f02a671850ba77b8044bc3735ea
DEBUG (panelAlumno.php) - Usuario en sesión: 22334455E
DEBUG (panelAlumno.php) - Rol en sesión: Alumno
DEBUG (init.php) - session_id(): d4e2c295c7d8565f25f6556aef86c4fd
Conexión exitosa
DEBUG (init.php) - session_id(): bfa127b93636022cf667d804ab8d449c
Conexión exitosa
DEBUG (init.php) - session_id(): bfa127b93636022cf667d804ab8d449c
Conexión exitosa
DEBUG (init.php) - session_id(): 158920a5fdd8489c436d3c105816f1e5
Conexión exitosa
DEBUG (init.php) - session_id(): 158920a5fdd8489c436d3c105816f1e5
Conexión exitosa
DEBUG (init.php) - session_id(): 45ff1af59706e11da1712cc208bcfa39
Conexión exitosa
DEBUG (init.php) - session_id(): 34f53640bacc67a25584c1ac61f174a2
Conexión exitosa
DEBUG (init.php) - session_id(): 34f53640bacc67a25584c1ac61f174a2
Conexión exitosa
DEBUG (init.php) - session_id(): 34f53640bacc67a25584c1ac61f174a2
Conexión exitosa
DEBUG (init.php) - session_id(): 34f53640bacc67a25584c1ac61f174a2
Conexión exitosa
DEBUG (init.php) - session_id(): 34f53640bacc67a25584c1ac61f174a2
Conexión exitosa
DEBUG (init.php) - session_id(): 34f53640bacc67a25584c1ac61f174a2
Conexión exitosa
DEBUG (init.php) - session_id(): 85839869c992b6387f65cf085ef3dfae
Conexión exitosa
DEBUG (init.php) - session_id(): 72be8153d593abb0a155ec722d7e0503
Conexión exitosa
DEBUG (init.php) - session_id(): 054eb031caf2fcc9a9dec783e7523726
Conexión exitosa
Conexión exitosa
DEBUG (init.php) - session_id(): 054eb031caf2fcc9a9dec783e7523726
Conexión exitosa
DEBUG (init.php) - session_id(): 303365098974ad911e83adcefdff7b5a
Conexión exitosa
DEBUG (init.php) - session_id(): 303365098974ad911e83adcefdff7b5a
Conexión exitosa
DEBUG (init.php) - session_id(): 303365098974ad911e83adcefdff7b5a
Conexión exitosa
DEBUG (init.php) - session_id(): 303365098974ad911e83adcefdff7b5a
Conexión exitosa
DEBUG (init.php) - session_id(): 074968fa14cf681ce5de5ab779a6493f
Conexión exitosa
Conexión exitosa
DEBUG (init.php) - session_id(): 074968fa14cf681ce5de5ab779a6493f
Conexión exitosa
Conexión exitosa
DEBUG (init.php) - session_id(): 074968fa14cf681ce5de5ab779a6493f
Conexión exitosa
Conexión exitosa
DEBUG (init.php) - session_id(): 074968fa14cf681ce5de5ab779a6493f
Conexión exitosa
Conexión exitosa
DEBUG (init.php) - session_id(): 9b38089b47b2b8377cb460b7b03aa782
Conexión exitosa
Conexión exitosa
DEBUG (init.php) - session_id(): f6eca4eda97aa42d168d45609147fcd9
Conexión exitosa
Conexión exitosa
DEBUG (init.php) - session_id(): f6eca4eda97aa42d168d45609147fcd9
Conexión exitosa
Conexión exitosa
DEBUG (init.php) - session_id(): 1c5c8e842534b6312e21fdb9570889d3
Conexión exitosa
Conexión exitosa
