Conexión exitosa
Conexión exitosa
Conexión exitosa
Conexión exitosa
Conexión exitosa
Conexión exitosa
Conexión exitosa
Conexión exitosa
Conexión exitosa
DEBUG (init.php) - session_id(): dd961c7abf5563cce86ed2cab407e01c
Conexión exitosa
DEBUG (init.php) - session_id(): dd961c7abf5563cce86ed2cab407e01c
Conexión exitosa
Conexión exitosa
DEBUG (init.php) - session_id(): 88d14202b376bc59bd2d036afe8e4dd1
Conexión exitosa
DEBUG (init.php) - session_id(): 88d14202b376bc59bd2d036afe8e4dd1
Conexión exitosa
DEBUG (init.php) - session_id(): 88d14202b376bc59bd2d036afe8e4dd1
Conexión exitosa
Conexión exitosa
Conexión exitosa
Conexión exitosa
Conexión exitosa
Conexión exitosa
Conexión exitosa
Conexión exitosa
Conexión exitosa
Conexión exitosa
Conexión exitosa
Conexión exitosa
Conexión exitosa
Conexión exitosa
Conexión exitosa
Conexión exitosa
Conexión exitosa
Conexión exitosa
Conexión exitosa
Conexión exitosa
Conexión exitosa
[14-Mar-2025 17:07:10 UTC] Parámetros recibidos: Array
(
    [apellido1] => 
    [anio] => 
    [mes] => 
    [curso] => 
)

[14-Mar-2025 17:07:10 UTC] Parametros recibidos: Array
(
    [apellido1] => 
    [anio] => 
    [mes] => 
    [curso] => 
)

Conexión exitosa
[14-Mar-2025 17:07:10 UTC] QUERY: SELECT r.ID_Recibo, a.Nombre, a.Apellido1, a.Apellido2, 
                         c.Nombre AS Curso, c.Precio_Curso AS Importe,
                         r.Fecha_Pago, r.Fecha_Emision, r.Periodo, r.Estado
                  FROM Recibo r 
                  JOIN Alumno a ON r.ID_Alumno = a.ID_Alumno 
                  JOIN Curso c ON r.ID_Curso = c.ID_Curso
                  WHERE 1=1
[14-Mar-2025 17:07:10 UTC] PARAMS: Array
(
)

[14-Mar-2025 17:08:34 UTC] Parámetros recibidos: Array
(
    [apellido1] => 
    [anio] => 
    [mes] => 
    [curso] => 
)

[14-Mar-2025 17:08:34 UTC] Parametros recibidos: Array
(
    [apellido1] => 
    [anio] => 
    [mes] => 
    [curso] => 
)

Conexión exitosa
[14-Mar-2025 17:08:34 UTC] QUERY: SELECT r.ID_Recibo, a.Nombre, a.Apellido1, a.Apellido2, 
                         c.Nombre AS Curso, c.Precio_Curso AS Importe,
                         r.Fecha_Pago, r.Fecha_Emision, r.Periodo, r.Estado
                  FROM Recibo r 
                  JOIN Alumno a ON r.ID_Alumno = a.ID_Alumno 
                  JOIN Curso c ON r.ID_Curso = c.ID_Curso
                  WHERE 1=1
[14-Mar-2025 17:08:34 UTC] PARAMS: Array
(
)

