DEBUG (init.php) - session_id(): 45505f936ca8c3f9109391bb7862ffa6
Conexi贸n exitosa
M茅todo: GET - URI: /mainpage.php?route=createHorarioEmpleado - IP: ::1
Valor de route : createHorarioEmpleado
Conexi贸n exitosa
Conexi贸n exitosa
DEBUG (init.php) - session_id(): 45505f936ca8c3f9109391bb7862ffa6
Conexi贸n exitosa
M茅todo: GET - URI: /mainpage.php?route=listarPorUsuario&idUsuario=77777777A&inicio=2025-04-04&fin=2025-04-04 - IP: ::1
Valor de route : listarPorUsuario
Conexi贸n exitosa
DEBUG (init.php) - session_id(): 45505f936ca8c3f9109391bb7862ffa6
Conexi贸n exitosa
M茅todo: POST - URI: /mainpage.php?route=storeHorarioEmpleado - IP: ::1
Valor de route : storeHorarioEmpleado
Conexi贸n exitosa
 Datos recibidos para insertar horario: {"ID_Usuario":"77777777A","Fecha":"2025-04-04","Tipo_Jornada":"Completa","Tipo_Dia":"Ordinario","Observaciones":"","Justificante_URL":null,"Hora_Entrada_Ma\u00f1ana":"19:22"}
DEBUG (init.php) - session_id(): 45505f936ca8c3f9109391bb7862ffa6
Conexi贸n exitosa
M茅todo: GET - URI: /mainpage.php?route=createHorarioEmpleado - IP: ::1
Valor de route : createHorarioEmpleado
Conexi贸n exitosa
Conexi贸n exitosa
DEBUG (init.php) - session_id(): 45505f936ca8c3f9109391bb7862ffa6
Conexi贸n exitosa
M茅todo: GET - URI: /mainpage.php?route=listarPorUsuario&idUsuario=77777777A&inicio=2025-04-04&fin=2025-04-04 - IP: ::1
Valor de route : listarPorUsuario
Conexi贸n exitosa
DEBUG (init.php) - session_id(): 45505f936ca8c3f9109391bb7862ffa6
Conexi贸n exitosa
M茅todo: POST - URI: /mainpage.php?route=storeHorarioEmpleado - IP: ::1
Valor de route : storeHorarioEmpleado
Conexi贸n exitosa
 Datos recibidos para insertar horario: {"ID_Usuario":"77777777A","Fecha":"2025-04-04","Tipo_Jornada":"Completa","Tipo_Dia":"Ordinario","Observaciones":"","Justificante_URL":null,"Hora_Entrada_Ma\u00f1ana":"19:27"}
