Antes de incluir conexión
Después de incluir conexión
Datos recibidos: 
Criterio de búsqueda: 
Antes de incluir conexión
Después de incluir conexión
Datos recibidos: 
Criterio de búsqueda: 
Antes de incluir conexión
Después de incluir conexión
Datos recibidos: Array
(
    [criterio] => JACOBO
)

Criterio de búsqueda: JACOBO
Criterio de búsqueda: 
Criterio de búsqueda: JACOBO
Criterio de búsqueda: 
Criterio de búsqueda: JACOBO
Conexión exitosa
Criterio de búsqueda: 
Conexión exitosa
Criterio de búsqueda: JACOBO
Conexión exitosa
Criterio de búsqueda: 
Conexión exitosa
Criterio de búsqueda: 
Conexión exitosa
Criterio de búsqueda: 
Conexión exitosa
Criterio de búsqueda: 
Conexión exitosa
Criterio de búsqueda: JACOBO
Conexión exitosa
Criterio de búsqueda: LAJARA
Conexión exitosa
Criterio de búsqueda: LAJARA
Conexión exitosa
Criterio de búsqueda: LAJARA
Conexión exitosa
Criterio de búsqueda: 
Conexión exitosa
Solicitud recibida
Criterio: LAJARA
Criterio de búsqueda: LAJARA
Conexión exitosa
Solicitud recibida
Criterio: JACOBO
Criterio de búsqueda: JACOBO
Conexión exitosa
Solicitud recibida
Criterio: Jacobo
Criterio de búsqueda: Jacobo
Conexión exitosa
Solicitud recibida
Criterio: Jacobo
Criterio de búsqueda: Jacobo
Conexión exitosa
Solicitud recibida
Criterio: Jacobo
Criterio de búsqueda: Jacobo
Conexión exitosa
Solicitud recibida
Criterio: Jacobo
Criterio de búsqueda: Jacobo
Conexión exitosa
Solicitud recibida
Criterio: Jacobo
Criterio de búsqueda: Jacobo
Conexión exitosa
ID recibido: 29048298B
Conexión exitosa
Conexión exitosa
Conexión exitosa
Solicitud recibida
Criterio: Jacobo
Criterio de búsqueda: Jacobo
Conexión exitosa
Solicitud recibida
Criterio: Jacobo
Criterio de búsqueda: Jacobo
Conexión exitosa
Solicitud recibida
Criterio: Jacobo
Criterio de búsqueda: Jacobo
Conexión exitosa
Solicitud recibida
Criterio: Jacobo
Criterio de búsqueda: Jacobo
Conexión exitosa
Conexión exitosa
Solicitud recibida
Criterio: LAJARA
Criterio de búsqueda: LAJARA
Conexión exitosa
Conexión exitosa
Solicitud recibida
Criterio: LAJARA
Criterio de búsqueda: LAJARA
Conexión exitosa
Conexión exitosa
Solicitud recibida
Criterio: LAJARA
Criterio de búsqueda: LAJARA
Conexión exitosa
Conexión exitosa
Solicitud recibida
Criterio: LAJARA
Criterio de búsqueda: LAJARA
Conexión exitosa
Conexión exitosa
Solicitud recibida
Criterio: LAJARA
Criterio de búsqueda: LAJARA
Conexión exitosa
Conexión exitosa
Solicitud recibida
Criterio: MARTINEZ
Criterio de búsqueda: MARTINEZ
Conexión exitosa
Conexión exitosa
Solicitud recibida
Criterio: LAJARA
Criterio de búsqueda: LAJARA
Conexión exitosa
Conexión exitosa
Solicitud recibida
Criterio: LAJARA
Criterio de búsqueda: LAJARA
Conexión exitosa
Conexión exitosa
Solicitud recibida
Criterio: LAJARA
Criterio de búsqueda: LAJARA
Conexión exitosa
Conexión exitosa
Solicitud recibida
Criterio: LAJARA
Criterio de búsqueda: LAJARA
Conexión exitosa
Conexión exitosa
Solicitud recibida
Criterio: LAJARA
Criterio de búsqueda: LAJARA
Conexión exitosa
Conexión exitosa
Solicitud recibida
Criterio: LAJARA
Criterio de búsqueda: LAJARA
Conexión exitosa
Solicitud recibida
Criterio: 29048298B
Criterio de búsqueda: 29048298B
Conexión exitosa
Solicitud recibida
Criterio: JACOBO
Criterio de búsqueda: JACOBO
Conexión exitosa
Solicitud recibida
Criterio: LAJARA
Criterio de búsqueda: LAJARA
Conexión exitosa
Solicitud recibida
Criterio: 29048298B
Criterio de búsqueda: 29048298B
Conexión exitosa
Solicitud recibida
Criterio: 29048298B
Criterio de búsqueda: 29048298B
Conexión exitosa
Conexión exitosa
Solicitud recibida
Criterio: 29048609T
Criterio de búsqueda: 29048609T
Conexión exitosa
Conexión exitosa
Solicitud recibida
Criterio: 29048609T
Criterio de búsqueda: 29048609T
Conexión exitosa
Conexión exitosa
Solicitud recibida
Criterio: LAJARA
Criterio de búsqueda: LAJARA
Conexión exitosa
Conexión exitosa
Solicitud recibida
Criterio: LAJARA
Criterio de búsqueda: LAJARA
Conexión exitosa
Conexión exitosa
Conexión exitosa
Solicitud recibida
Criterio: CUTILLAS
Criterio de búsqueda: CUTILLAS
Conexión exitosa
Conexión exitosa
Solicitud recibida
Criterio: LAJARA
Criterio de búsqueda: LAJARA
Conexión exitosa
Conexión exitosa
Solicitud recibida
Criterio: LAJARA
Criterio de búsqueda: LAJARA
Conexión exitosa
Conexión exitosa
Conexión exitosa
Solicitud recibida
Criterio: LAJARA
Criterio de búsqueda: LAJARA
Conexión exitosa
Conexión exitosa
Solicitud recibida
Criterio: 
Criterio de búsqueda: 
Conexión exitosa
Conexión exitosa
Conexión exitosa
Solicitud recibida
Criterio: 
Criterio de búsqueda: 
Conexión exitosa
Conexión exitosa
Solicitud recibida
Criterio: 
Criterio de búsqueda: 
Conexión exitosa
Conexión exitosa
Conexión exitosa
Solicitud recibida
Criterio: 
Criterio de búsqueda: 
Conexión exitosa
Conexión exitosa
Conexión exitosa
Solicitud recibida
Criterio: LAJARA
Criterio de búsqueda: LAJARA
Conexión exitosa
Conexión exitosa
Solicitud recibida
Criterio: LAJARA
Criterio de búsqueda: LAJARA
Conexión exitosa
Conexión exitosa
Solicitud recibida
Criterio: 29048609T
Criterio de búsqueda: 29048609T
Conexión exitosa
Conexión exitosa
Solicitud recibida
Criterio: FERNANDEZ
Criterio de búsqueda: FERNANDEZ
Conexión exitosa
Conexión exitosa
Solicitud recibida
Criterio: Garcia
Criterio de búsqueda: Garcia
Conexión exitosa
Conexión exitosa
Conexión exitosa
Solicitud recibida
Criterio: 
Criterio de búsqueda: 
Conexión exitosa
Solicitud recibida
Criterio: 
Criterio de búsqueda: 
Conexión exitosa
Conexión exitosa
Solicitud recibida
Criterio: 
Criterio de búsqueda: 
Conexión exitosa
Conexión exitosa
Solicitud recibida
Criterio: 
Criterio de búsqueda: 
Conexión exitosa
Conexión exitosa
Solicitud recibida
Criterio: 
Criterio de búsqueda: 
Conexión exitosa
Conexión exitosa
Solicitud recibida
Criterio: LAJARA
Criterio de búsqueda: LAJARA
Conexión exitosa
Conexión exitosa
Solicitud recibida
Criterio: 
Criterio de búsqueda: 
Conexión exitosa
Solicitud recibida
Criterio: 29048609T
Criterio de búsqueda: 29048609T
Conexión exitosa
Conexión exitosa
Solicitud recibida
Criterio: 
Criterio de búsqueda: 
Conexión exitosa
Solicitud recibida
Criterio: 
Criterio de búsqueda: 
Conexión exitosa
Solicitud recibida
Criterio: 
Criterio de búsqueda: 
Conexión exitosa
Solicitud recibida
Criterio: 
Criterio de búsqueda: 
Conexión exitosa
Solicitud recibida
Criterio: 
Criterio de búsqueda: 
Conexión exitosa
Solicitud recibida
Criterio: 
Criterio de búsqueda: 
Conexión exitosa
Solicitud recibida
Criterio: 
Criterio de búsqueda: 
Conexión exitosa
Solicitud recibida
Criterio: 
Criterio de búsqueda: 
Conexión exitosa
Solicitud recibida
Criterio: 
Criterio de búsqueda: 
Conexión exitosa
Solicitud recibida
Criterio: 
Criterio de búsqueda: 
Conexión exitosa
Solicitud recibida
Criterio: 
Criterio de búsqueda: 
Conexión exitosa
Conexión exitosa
Conexión exitosa
Conexión exitosa
Conexión exitosa
Solicitud recibida
Criterio: 
Criterio de búsqueda: 
Conexión exitosa
Conexión exitosa
Solicitud recibida
Criterio: 
Criterio de búsqueda: 
Conexión exitosa
Conexión exitosa
Conexión exitosa
Conexión exitosa
Conexión exitosa
Solicitud recibida
Criterio: 
Criterio de búsqueda: 
Conexión exitosa
Conexión exitosa
Conexión exitosa
Solicitud recibida
Criterio: 
Criterio de búsqueda: 
Conexión exitosa
Conexión exitosa
Solicitud recibida
Criterio: 
Criterio de búsqueda: 
Conexión exitosa
Conexión exitosa
Solicitud recibida
Criterio: 
Criterio de búsqueda: 
Conexión exitosa
Conexión exitosa
Solicitud recibida
Criterio: 
Criterio de búsqueda: 
Conexión exitosa
Conexión exitosa
Solicitud recibida
Criterio: 
Criterio de búsqueda: 
Conexión exitosa
Conexión exitosa
Solicitud recibida
Criterio: 
Criterio de búsqueda: 
Conexión exitosa
Conexión exitosa
Solicitud recibida
Criterio: 
Criterio de búsqueda: 
Conexión exitosa
Conexión exitosa
Solicitud recibida
Criterio: 
Criterio de búsqueda: 
Conexión exitosa
Conexión exitosa
Solicitud recibida
Criterio: 
Criterio de búsqueda: 
Conexión exitosa
Conexión exitosa
Solicitud recibida
Criterio: 
Criterio de búsqueda: 
Conexión exitosa
Conexión exitosa
Solicitud recibida
Criterio: 
Criterio de búsqueda: 
Conexión exitosa
Conexión exitosa
Solicitud recibida
Criterio: 
Criterio de búsqueda: 
Conexión exitosa
Conexión exitosa
Solicitud recibida
Criterio: 
Criterio de búsqueda: 
Conexión exitosa
Solicitud recibida
Criterio: 
Criterio de búsqueda: 
Conexión exitosa
Conexión exitosa
Conexión exitosa
Conexión exitosa
Solicitud recibida
Criterio: 
Criterio de búsqueda: 
Conexión exitosa
Solicitud recibida
Criterio: 
Criterio de búsqueda: 
Conexión exitosa
Solicitud recibida
Criterio: 
Criterio de búsqueda: 
Conexión exitosa
Solicitud recibida
Criterio: 
Criterio de búsqueda: 
Conexión exitosa
Conexión exitosa
Conexión exitosa
Solicitud recibida
Criterio: 
Criterio de búsqueda: 
Conexión exitosa
Conexión exitosa
Conexión exitosa
Conexión exitosa
Solicitud recibida
Criterio: 
Criterio de búsqueda: 
Conexión exitosa
Conexión exitosa
Conexión exitosa
Conexión exitosa
Conexión exitosa
Solicitud recibida
Criterio: 
Criterio de búsqueda: 
Conexión exitosa
Solicitud recibida
Criterio: 
Criterio de búsqueda: 
Conexión exitosa
Conexión exitosa
Solicitud recibida
Criterio: 
Criterio de búsqueda: 
Conexión exitosa
Conexión exitosa
Conexión exitosa
Solicitud recibida
Criterio: 
Criterio de búsqueda: 
Conexión exitosa
Conexión exitosa
Solicitud recibida
Criterio: 
Criterio de búsqueda: 
Conexión exitosa
Conexión exitosa
Solicitud recibida
Criterio: 
Criterio de búsqueda: 
Conexión exitosa
Conexión exitosa
Solicitud recibida
Criterio: Martinez
Criterio de búsqueda: Martinez
Conexión exitosa
Conexión exitosa
Solicitud recibida
Criterio: 
Criterio de búsqueda: 
Conexión exitosa
Conexión exitosa
Solicitud recibida
Criterio: 
Criterio de búsqueda: 
Conexión exitosa
Conexión exitosa
Conexión exitosa
Conexión exitosa
Solicitud recibida
Criterio: 
Criterio de búsqueda: 
Conexión exitosa
Conexión exitosa
Solicitud recibida
Criterio: 
Criterio de búsqueda: 
Conexión exitosa
Conexión exitosa
Solicitud recibida
Criterio: 
Criterio de búsqueda: 
Conexión exitosa
Conexión exitosa
Solicitud recibida
Criterio: 
Criterio de búsqueda: 
Conexión exitosa
Conexión exitosa
Solicitud recibida
Criterio: 
Criterio de búsqueda: 
Conexión exitosa
Conexión exitosa
Solicitud recibida
Criterio: 
Criterio de búsqueda: 
Conexión exitosa
Conexión exitosa
Solicitud recibida
Criterio: 
Criterio de búsqueda: 
Conexión exitosa
Conexión exitosa
Solicitud recibida
Criterio: 
Criterio de búsqueda: 
Conexión exitosa
Conexión exitosa
Solicitud recibida
Criterio: Bernal
Criterio de búsqueda: Bernal
Conexión exitosa
Conexión exitosa
Solicitud recibida
Criterio: 
Criterio de búsqueda: 
Conexión exitosa
Conexión exitosa
Solicitud recibida
Criterio: 
Criterio de búsqueda: 
Conexión exitosa
Solicitud recibida
Criterio: 
Criterio de búsqueda: 
Conexión exitosa
Solicitud recibida
Criterio: 
Criterio de búsqueda: 
Conexión exitosa
Solicitud recibida
Criterio: 
Criterio de búsqueda: 
Conexión exitosa
Conexión exitosa
Solicitud recibida
Criterio: 
Criterio de búsqueda: 
Conexión exitosa
Conexión exitosa
Solicitud recibida
Criterio: 
Criterio de búsqueda: 
Conexión exitosa
Conexión exitosa
Solicitud recibida
Criterio: 
Criterio de búsqueda: 
Conexión exitosa
Conexión exitosa
Solicitud recibida
Criterio: 
Criterio de búsqueda: 
Conexión exitosa
Conexión exitosa
Conexión exitosa
Conexión exitosa
Conexión exitosa
Conexión exitosa
Conexión exitosa
Conexión exitosa
Conexión exitosa
Conexión exitosa
Conexión exitosa
Conexión exitosa
Conexión exitosa
Conexión exitosa
Conexión exitosa
Conexión exitosa
Conexión exitosa
Conexión exitosa
Conexión exitosa
Conexión exitosa
Conexión exitosa
Conexión exitosa
Conexión exitosa
Conexión exitosa
Conexión exitosa
Conexión exitosa
Conexión exitosa
Conexión exitosa
Solicitud recibida
Criterio: 
Criterio de búsqueda: 
Conexión exitosa
Conexión exitosa
Conexión exitosa
Conexión exitosa
Conexión exitosa
Conexión exitosa
Conexión exitosa
Conexión exitosa
Conexión exitosa
Solicitud recibida
Criterio: 
Criterio de búsqueda: 
Conexión exitosa
Solicitud recibida
Criterio: 
Criterio de búsqueda: 
Conexión exitosa
Conexión exitosa
Solicitud recibida
Criterio: LAJARA
Criterio de búsqueda: LAJARA
Conexión exitosa
Solicitud recibida
Criterio: 
Criterio de búsqueda: 
Conexión exitosa
Solicitud recibida
Criterio: LAJARA
Criterio de búsqueda: LAJARA
Conexión exitosa
Conexión exitosa
Conexión exitosa
Conexión exitosa
Conexión exitosa
Conexión exitosa
Conexión exitosa
Conexión exitosa
Conexión exitosa
Conexión exitosa
Conexión exitosa
Conexión exitosa
Conexión exitosa
Conexión exitosa
Conexión exitosa
Conexión exitosa
Conexión exitosa
Conexión exitosa
Conexión exitosa
Conexión exitosa
Conexión exitosa
Conexión exitosa
Conexión exitosa
Conexión exitosa
Conexión exitosa
Conexión exitosa
Conexión exitosa
Conexión exitosa
Conexión exitosa
Conexión exitosa
Conexión exitosa
Conexión exitosa
Conexión exitosa
Conexión exitosa
Conexión exitosa
Conexión exitosa
Conexión exitosa
Conexión exitosa
Conexión exitosa
Conexión exitosa
Conexión exitosa
Conexión exitosa
Conexión exitosa
Conexión exitosa
Conexión exitosa
Conexión exitosa
Conexión exitosa
Conexión exitosa
Conexión exitosa
Conexión exitosa
Conexión exitosa
Conexión exitosa
Conexión exitosa
Conexión exitosa
Conexión exitosa
Conexión exitosa
Conexión exitosa
Conexión exitosa
Conexión exitosa
Conexión exitosa
Conexión exitosa
Conexión exitosa
Conexión exitosa
Conexión exitosa
Conexión exitosa
Conexión exitosa
Conexión exitosa
Conexión exitosa
Conexión exitosa
Conexión exitosa
Conexión exitosa
Conexión exitosa
Conexión exitosa
Conexión exitosa
Conexión exitosa
Conexión exitosa
Conexión exitosa
Conexión exitosa
Conexión exitosa
Conexión exitosa
Conexión exitosa
Conexión exitosa
Conexión exitosa
Conexión exitosa
Conexión exitosa
Conexión exitosa
Conexión exitosa
Conexión exitosa
Conexión exitosa
Conexión exitosa
Conexión exitosa
Conexión exitosa
Conexión exitosa
Conexión exitosa
Conexión exitosa
Conexión exitosa
Conexión exitosa
Conexión exitosa
Conexión exitosa
Conexión exitosa
Conexión exitosa
Conexión exitosa
Conexión exitosa
Conexión exitosa
Conexión exitosa
Conexión exitosa
Conexión exitosa
Conexión exitosa
Conexión exitosa
Conexión exitosa
Conexión exitosa
Conexión exitosa
Conexión exitosa
Conexión exitosa
Conexión exitosa
Conexión exitosa
Conexión exitosa
Conexión exitosa
Conexión exitosa
Conexión exitosa
Conexión exitosa
Conexión exitosa
Conexión exitosa
Conexión exitosa
Conexión exitosa
Conexión exitosa
Conexión exitosa
Conexión exitosa
Conexión exitosa
Conexión exitosa
Conexión exitosa
Conexión exitosa
Conexión exitosa
Conexión exitosa
Conexión exitosa
Conexión exitosa
Conexión exitosa
Conexión exitosa
Conexión exitosa
Conexión exitosa
Conexión exitosa
Conexión exitosa
Conexión exitosa
Conexión exitosa
Conexión exitosa
Conexión exitosa
Conexión exitosa
Solicitud recibida
Criterio: 
Criterio de búsqueda: 
Conexión exitosa
Conexión exitosa
Conexión exitosa
Conexión exitosa
Conexión exitosa
Conexión exitosa
Conexión exitosa
Conexión exitosa
Conexión exitosa
Conexión exitosa
Conexión exitosa
Conexión exitosa
Conexión exitosa
Conexión exitosa
Conexión exitosa
Conexión exitosa
Conexión exitosa
Conexión exitosa
Conexión exitosa
Conexión exitosa
Conexión exitosa
Conexión exitosa
Conexión exitosa
Conexión exitosa
Conexión exitosa
Conexión exitosa
Conexión exitosa
Conexión exitosa
Conexión exitosa
Solicitud recibida
Criterio: 
Criterio de búsqueda: 
Conexión exitosa
Conexión exitosa
Solicitud recibida
Criterio: 
Criterio de búsqueda: 
Conexión exitosa
Solicitud recibida
Criterio: 
Criterio de búsqueda: 
Conexión exitosa
Solicitud recibida
Criterio: 
Criterio de búsqueda: 
Conexión exitosa
Conexión exitosa
Solicitud recibida
Criterio: 
Criterio de búsqueda: 
Conexión exitosa
Conexión exitosa
Solicitud recibida
Criterio: 
Criterio de búsqueda: 
Conexión exitosa
Conexión exitosa
Conexión exitosa
Conexión exitosa
Conexión exitosa
Conexión exitosa
Conexión exitosa
Conexión exitosa
Conexión exitosa
Conexión exitosa
Conexión exitosa
Conexión exitosa
Conexión exitosa
Conexión exitosa
Conexión exitosa
Conexión exitosa
Conexión exitosa
Conexión exitosa
Conexión exitosa
Conexión exitosa
Conexión exitosa
Conexión exitosa
Conexión exitosa
Conexión exitosa
Conexión exitosa
Conexión exitosa
Conexión exitosa
Conexión exitosa
Conexión exitosa
Conexión exitosa
Conexión exitosa
Conexión exitosa
Conexión exitosa
Conexión exitosa
Conexión exitosa
Conexión exitosa
Conexión exitosa
Conexión exitosa
Conexión exitosa
Conexión exitosa
Conexión exitosa
Conexión exitosa
Conexión exitosa
Conexión exitosa
Conexión exitosa
Conexión exitosa
Conexión exitosa
Conexión exitosa
Conexión exitosa
Conexión exitosa
Conexión exitosa
Conexión exitosa
Conexión exitosa
Conexión exitosa
Conexión exitosa
Conexión exitosa
Conexión exitosa
Conexión exitosa
Conexión exitosa
Conexión exitosa
Conexión exitosa
Conexión exitosa
Conexión exitosa
Conexión exitosa
Conexión exitosa
Conexión exitosa
Conexión exitosa
Conexión exitosa
Conexión exitosa
Conexión exitosa
Conexión exitosa
Conexión exitosa
Conexión exitosa
Conexión exitosa
Conexión exitosa
Conexión exitosa
Conexión exitosa
Conexión exitosa
Conexión exitosa
Conexión exitosa
Conexión exitosa
Conexión exitosa
Conexión exitosa
Conexión exitosa
Conexión exitosa
Conexión exitosa
Conexión exitosa
Conexión exitosa
Conexión exitosa
Conexión exitosa
Conexión exitosa
Conexión exitosa
Conexión exitosa
Conexión exitosa
Conexión exitosa
Conexión exitosa
Conexión exitosa
Conexión exitosa
Conexión exitosa
Conexión exitosa
Conexión exitosa
Conexión exitosa
Conexión exitosa
Conexión exitosa
Conexión exitosa
Conexión exitosa
Conexión exitosa
Conexión exitosa
Conexión exitosa
Conexión exitosa
Conexión exitosa
Conexión exitosa
Conexión exitosa
Conexión exitosa
Conexión exitosa
Solicitud recibida
Criterio: 
Criterio de búsqueda: 
Conexión exitosa
Conexión exitosa
Solicitud recibida
Criterio: 
Criterio de búsqueda: 
Conexión exitosa
Conexión exitosa
Solicitud recibida
Criterio: 
Criterio de búsqueda: 
Conexión exitosa
Conexión exitosa
Solicitud recibida
Criterio: 
Criterio de búsqueda: 
Conexión exitosa
Solicitud recibida
Criterio: LAJARA
Criterio de búsqueda: LAJARA
Conexión exitosa
Conexión exitosa
Solicitud recibida
Criterio: LAJARA
Criterio de búsqueda: LAJARA
Conexión exitosa
Conexión exitosa
Solicitud recibida
Criterio: LAJARA
Criterio de búsqueda: LAJARA
Conexión exitosa
Conexión exitosa
Solicitud recibida
Criterio: 
Criterio de búsqueda: 
Conexión exitosa
Conexión exitosa
Solicitud recibida
Criterio: LAJARA
Criterio de búsqueda: LAJARA
Conexión exitosa
Conexión exitosa
Solicitud recibida
Criterio: 
Criterio de búsqueda: 
Conexión exitosa
Conexión exitosa
Conexión exitosa
Conexión exitosa
Conexión exitosa
Conexión exitosa
Solicitud recibida
Criterio: 
Criterio de búsqueda: 
Conexión exitosa
Conexión exitosa
Solicitud recibida
Criterio: 
Criterio de búsqueda: 
Conexión exitosa
Conexión exitosa
Solicitud recibida
Criterio: 
Criterio de búsqueda: 
Conexión exitosa
Conexión exitosa
Solicitud recibida
Criterio: 
Criterio de búsqueda: 
Conexión exitosa
Conexión exitosa
Solicitud recibida
Criterio: 
Criterio de búsqueda: 
Conexión exitosa
Conexión exitosa
Solicitud recibida
Criterio: 
Criterio de búsqueda: 
Conexión exitosa
Conexión exitosa
Solicitud recibida
Criterio: 
Criterio de búsqueda: 
Conexión exitosa
Conexión exitosa
Solicitud recibida
Criterio: 
Criterio de búsqueda: 
Conexión exitosa
Conexión exitosa
Solicitud recibida
Criterio: 
Criterio de búsqueda: 
Conexión exitosa
Conexión exitosa
Solicitud recibida
Criterio: 
Criterio de búsqueda: 
Conexión exitosa
Conexión exitosa
Solicitud recibida
Criterio: 
Criterio de búsqueda: 
Conexión exitosa
Conexión exitosa
Solicitud recibida
Criterio: 
Criterio de búsqueda: 
Conexión exitosa
Conexión exitosa
Solicitud recibida
Criterio: 
Criterio de búsqueda: 
Conexión exitosa
Conexión exitosa
Solicitud recibida
Criterio: 
Criterio de búsqueda: 
Conexión exitosa
Conexión exitosa
Solicitud recibida
Criterio: 
Criterio de búsqueda: 
Conexión exitosa
Conexión exitosa
Solicitud recibida
Criterio: 
Criterio de búsqueda: 
Conexión exitosa
Conexión exitosa
Solicitud recibida
Criterio: 
Criterio de búsqueda: 
Conexión exitosa
Conexión exitosa
Solicitud recibida
Criterio: 
Criterio de búsqueda: 
Conexión exitosa
Conexión exitosa
Solicitud recibida
Criterio: 
Criterio de búsqueda: 
Conexión exitosa
Conexión exitosa
Solicitud recibida
Criterio: 
Criterio de búsqueda: 
Conexión exitosa
Conexión exitosa
Solicitud recibida
Criterio: 
Criterio de búsqueda: 
Conexión exitosa
Conexión exitosa
Solicitud recibida
Criterio: 
Criterio de búsqueda: 
Conexión exitosa
Conexión exitosa
Solicitud recibida
Criterio: 
Criterio de búsqueda: 
Conexión exitosa
Conexión exitosa
Solicitud recibida
Criterio: 
Criterio de búsqueda: 
Conexión exitosa
Conexión exitosa
Solicitud recibida
Criterio: 
Criterio de búsqueda: 
Conexión exitosa
Conexión exitosa
Solicitud recibida
Criterio: 
Criterio de búsqueda: 
Conexión exitosa
Conexión exitosa
Solicitud recibida
Criterio: 
Criterio de búsqueda: 
Conexión exitosa
Conexión exitosa
Conexión exitosa
Conexión exitosa
Conexión exitosa
Conexión exitosa
Conexión exitosa
Conexión exitosa
Conexión exitosa
Conexión exitosa
Conexión exitosa
Conexión exitosa
Conexión exitosa
Conexión exitosa
Conexión exitosa
Conexión exitosa
Conexión exitosa
Conexión exitosa
Conexión exitosa
Conexión exitosa
Conexión exitosa
Conexión exitosa
Conexión exitosa
Conexión exitosa
Conexión exitosa
Conexión exitosa
Conexión exitosa
Conexión exitosa
Conexión exitosa
Conexión exitosa
Conexión exitosa
Conexión exitosa
Conexión exitosa
Conexión exitosa
Conexión exitosa
Conexión exitosa
Conexión exitosa
Conexión exitosa
Conexión exitosa
Conexión exitosa
Conexión exitosa
Conexión exitosa
Conexión exitosa
Conexión exitosa
Conexión exitosa
Conexión exitosa
Conexión exitosa
Conexión exitosa
Conexión exitosa
Conexión exitosa
Conexión exitosa
Conexión exitosa
Conexión exitosa
Conexión exitosa
Conexión exitosa
Conexión exitosa
Conexión exitosa
Conexión exitosa
Conexión exitosa
Conexión exitosa
Conexión exitosa
Conexión exitosa
Conexión exitosa
Conexión exitosa
Conexión exitosa
Conexión exitosa
Conexión exitosa
Conexión exitosa
Conexión exitosa
Conexión exitosa
Conexión exitosa
Conexión exitosa
Conexión exitosa
Conexión exitosa
Conexión exitosa
Conexión exitosa
Conexión exitosa
Conexión exitosa
Conexión exitosa
Conexión exitosa
Conexión exitosa
Conexión exitosa
Conexión exitosa
Conexión exitosa
Conexión exitosa
Conexión exitosa
Conexión exitosa
Conexión exitosa
Conexión exitosa
Conexión exitosa
Conexión exitosa
Conexión exitosa
Conexión exitosa
Conexión exitosa
Conexión exitosa
Conexión exitosa
Conexión exitosa
Conexión exitosa
Conexión exitosa
Conexión exitosa
Conexión exitosa
Solicitud recibida
Criterio: 
Criterio de búsqueda: 
Conexión exitosa
Conexión exitosa
Solicitud recibida
Criterio: 
Criterio de búsqueda: 
Conexión exitosa
Conexión exitosa
Solicitud recibida
Criterio: 
Criterio de búsqueda: 
Conexión exitosa
Conexión exitosa
Solicitud recibida
Criterio: 
Criterio de búsqueda: 
Conexión exitosa
Conexión exitosa
Solicitud recibida
Criterio: 
Criterio de búsqueda: 
Conexión exitosa
Conexión exitosa
Solicitud recibida
Criterio: 
Criterio de búsqueda: 
Conexión exitosa
Conexión exitosa
Solicitud recibida
Criterio: 
Criterio de búsqueda: 
Conexión exitosa
Conexión exitosa
Solicitud recibida
Criterio: 
Criterio de búsqueda: 
Conexión exitosa
Conexión exitosa
Solicitud recibida
Criterio: 
Criterio de búsqueda: 
Conexión exitosa
Conexión exitosa
Solicitud recibida
Criterio: 
Criterio de búsqueda: 
Conexión exitosa
Conexión exitosa
Solicitud recibida
Criterio: 
Criterio de búsqueda: 
Conexión exitosa
Conexión exitosa
Solicitud recibida
Criterio: 
Criterio de búsqueda: 
Conexión exitosa
Conexión exitosa
Solicitud recibida
Criterio: 
Criterio de búsqueda: 
Conexión exitosa
Conexión exitosa
Solicitud recibida
Criterio: 
Criterio de búsqueda: 
Conexión exitosa
Conexión exitosa
Solicitud recibida
Criterio: 
Criterio de búsqueda: 
Conexión exitosa
Solicitud recibida
Criterio: 
Criterio de búsqueda: 
Conexión exitosa
Solicitud recibida
Criterio: 
Criterio de búsqueda: 
Conexión exitosa
Solicitud recibida
Criterio: 
Criterio de búsqueda: 
Conexión exitosa
Solicitud recibida
Criterio: 
Criterio de búsqueda: 
Conexión exitosa
Solicitud recibida
Criterio: 
Criterio de búsqueda: 
Conexión exitosa
Conexión exitosa
Solicitud recibida
Criterio: 
Criterio de búsqueda: 
Conexión exitosa
Solicitud recibida
Criterio: 
Criterio de búsqueda: 
Conexión exitosa
Solicitud recibida
Criterio: 
Criterio de búsqueda: 
Conexión exitosa
Solicitud recibida
Criterio: 
Criterio de búsqueda: 
Conexión exitosa
Solicitud recibida
Criterio: 
Criterio de búsqueda: 
Conexión exitosa
Solicitud recibida
Criterio: 
Criterio de búsqueda: 
Conexión exitosa
Solicitud recibida
Criterio: 
Criterio de búsqueda: 
Conexión exitosa
Solicitud recibida
Criterio: 
Criterio de búsqueda: 
Conexión exitosa
Conexión exitosa
Solicitud recibida
Criterio: 
Criterio de búsqueda: 
Conexión exitosa
Conexión exitosa
Solicitud recibida
Criterio: 
Criterio de búsqueda: 
Conexión exitosa
Conexión exitosa
Solicitud recibida
Criterio: 
Criterio de búsqueda: 
Conexión exitosa
Conexión exitosa
Solicitud recibida
Criterio: 
Criterio de búsqueda: 
Conexión exitosa
Conexión exitosa
Solicitud recibida
Criterio: 
Criterio de búsqueda: 
Conexión exitosa
Conexión exitosa
Conexión exitosa
Conexión exitosa
Conexión exitosa
Conexión exitosa
Solicitud recibida
Criterio: 
Criterio de búsqueda: 
Conexión exitosa
Conexión exitosa
Solicitud recibida
Criterio: 
Criterio de búsqueda: 
Conexión exitosa
Conexión exitosa
Solicitud recibida
Criterio: 
Criterio de búsqueda: 
Conexión exitosa
Conexión exitosa
Solicitud recibida
Criterio: 
Criterio de búsqueda: 
Conexión exitosa
Conexión exitosa
Solicitud recibida
Criterio: 
Criterio de búsqueda: 
Conexión exitosa
Conexión exitosa
Solicitud recibida
Criterio: 
Criterio de búsqueda: 
Conexión exitosa
Conexión exitosa
Solicitud recibida
Criterio: 
Criterio de búsqueda: 
Conexión exitosa
Conexión exitosa
Conexión exitosa
Conexión exitosa
Conexión exitosa
Conexión exitosa
Solicitud recibida
Criterio: 
Criterio de búsqueda: 
Conexión exitosa
Conexión exitosa
Solicitud recibida
Criterio: 
Criterio de búsqueda: 
Conexión exitosa
Conexión exitosa
Solicitud recibida
Criterio: 
Criterio de búsqueda: 
Conexión exitosa
Conexión exitosa
Solicitud recibida
Criterio: 
Criterio de búsqueda: 
Conexión exitosa
Conexión exitosa
Solicitud recibida
Criterio: 
Criterio de búsqueda: 
Conexión exitosa
Conexión exitosa
Solicitud recibida
Criterio: 
Criterio de búsqueda: 
Conexión exitosa
Conexión exitosa
Solicitud recibida
Criterio: 
Criterio de búsqueda: 
Conexión exitosa
Conexión exitosa
Solicitud recibida
Criterio: 
Criterio de búsqueda: 
Conexión exitosa
Conexión exitosa
Solicitud recibida
Criterio: 
Criterio de búsqueda: 
Conexión exitosa
Conexión exitosa
Solicitud recibida
Criterio: 
Criterio de búsqueda: 
Conexión exitosa
Conexión exitosa
Solicitud recibida
Criterio: 
Criterio de búsqueda: 
Conexión exitosa
Conexión exitosa
Solicitud recibida
Criterio: 
Criterio de búsqueda: 
Conexión exitosa
Conexión exitosa
Solicitud recibida
Criterio: 
Criterio de búsqueda: 
Conexión exitosa
Conexión exitosa
Conexión exitosa
Conexión exitosa
Solicitud recibida
Criterio: 
Criterio de búsqueda: 
Conexión exitosa
Solicitud recibida
Criterio: 
Criterio de búsqueda: 
Conexión exitosa
Conexión exitosa
Conexión exitosa
Conexión exitosa
Conexión exitosa
Solicitud recibida
Criterio: 
Criterio de búsqueda: 
Conexión exitosa
Conexión exitosa
Conexión exitosa
Conexión exitosa
Conexión exitosa
Conexión exitosa
Conexión exitosa
Solicitud recibida
Criterio: 
Criterio de búsqueda: 
Conexión exitosa
Conexión exitosa
Solicitud recibida
Criterio: 
Criterio de búsqueda: 
Conexión exitosa
Conexión exitosa
Solicitud recibida
Criterio: 
Criterio de búsqueda: 
Conexión exitosa
Conexión exitosa
Solicitud recibida
Criterio: 
Criterio de búsqueda: 
Conexión exitosa
Conexión exitosa
Solicitud recibida
Criterio: 
Criterio de búsqueda: 
Conexión exitosa
Conexión exitosa
Solicitud recibida
Criterio: 
Criterio de búsqueda: 
Conexión exitosa
Conexión exitosa
Solicitud recibida
Criterio: 
Criterio de búsqueda: 
Conexión exitosa
Conexión exitosa
Solicitud recibida
Criterio: 
Criterio de búsqueda: 
Conexión exitosa
Conexión exitosa
Solicitud recibida
Criterio: 
Criterio de búsqueda: 
Conexión exitosa
Conexión exitosa
Solicitud recibida
Criterio: 
Criterio de búsqueda: 
Conexión exitosa
Conexión exitosa
Solicitud recibida
Criterio: 
Criterio de búsqueda: 
Conexión exitosa
Conexión exitosa
Conexión exitosa
Conexión exitosa
Conexión exitosa
Conexión exitosa
Conexión exitosa
Conexión exitosa
Conexión exitosa
Conexión exitosa
Conexión exitosa
Conexión exitosa
Conexión exitosa
Conexión exitosa
Conexión exitosa
Conexión exitosa
Conexión exitosa
Conexión exitosa
Conexión exitosa
Conexión exitosa
Conexión exitosa
Conexión exitosa
Solicitud recibida
Criterio: 
Criterio de búsqueda: 
Conexión exitosa
Conexión exitosa
Conexión exitosa
Solicitud recibida
Criterio: 
Criterio de búsqueda: 
Conexión exitosa
Conexión exitosa
Conexión exitosa
Conexión exitosa
Conexión exitosa
Conexión exitosa
Solicitud recibida
Criterio: 
Criterio de búsqueda: 
Conexión exitosa
Conexión exitosa
Solicitud recibida
Criterio: 
Criterio de búsqueda: 
Conexión exitosa
Conexión exitosa
Solicitud recibida
Criterio: 
Criterio de búsqueda: 
Conexión exitosa
Conexión exitosa
Solicitud recibida
Criterio: 
Criterio de búsqueda: 
Conexión exitosa
Conexión exitosa
Solicitud recibida
Criterio: 
Criterio de búsqueda: 
Conexión exitosa
Conexión exitosa
Solicitud recibida
Criterio: 
Criterio de búsqueda: 
Conexión exitosa
Conexión exitosa
Conexión exitosa
Conexión exitosa
Conexión exitosa
Conexión exitosa
Conexión exitosa
Conexión exitosa
Conexión exitosa
Conexión exitosa
Conexión exitosa
Conexión exitosa
Conexión exitosa
Conexión exitosa
Conexión exitosa
Conexión exitosa
Conexión exitosa
Conexión exitosa
Conexión exitosa
Conexión exitosa
Conexión exitosa
Conexión exitosa
Conexión exitosa
Conexión exitosa
Solicitud recibida
Criterio: 
Criterio de búsqueda: 
Conexión exitosa
Conexión exitosa
Solicitud recibida
Criterio: 
Criterio de búsqueda: 
Conexión exitosa
Conexión exitosa
Solicitud recibida
Criterio: 
Criterio de búsqueda: 
Conexión exitosa
Conexión exitosa
Solicitud recibida
Criterio: 
Criterio de búsqueda: 
Conexión exitosa
Conexión exitosa
Solicitud recibida
Criterio: 
Criterio de búsqueda: 
Conexión exitosa
Conexión exitosa
Solicitud recibida
Criterio: 
Criterio de búsqueda: 
Conexión exitosa
Conexión exitosa
Solicitud recibida
Criterio: 
Criterio de búsqueda: 
Conexión exitosa
Conexión exitosa
Solicitud recibida
Criterio: 
Criterio de búsqueda: 
Conexión exitosa
Conexión exitosa
Solicitud recibida
Criterio: 
Criterio de búsqueda: 
Conexión exitosa
Conexión exitosa
Solicitud recibida
Criterio: 
Criterio de búsqueda: 
Conexión exitosa
Conexión exitosa
Solicitud recibida
Criterio: 
Criterio de búsqueda: 
Conexión exitosa
Conexión exitosa
Solicitud recibida
Criterio: 
Criterio de búsqueda: 
Conexión exitosa
Conexión exitosa
Solicitud recibida
Criterio: 
Criterio de búsqueda: 
Conexión exitosa
Conexión exitosa
Solicitud recibida
Criterio: 
Criterio de búsqueda: 
Conexión exitosa
Conexión exitosa
Solicitud recibida
Criterio: 
Criterio de búsqueda: 
Conexión exitosa
Conexión exitosa
Solicitud recibida
Criterio: 
Criterio de búsqueda: 
Conexión exitosa
Conexión exitosa
Solicitud recibida
Criterio: 
Criterio de búsqueda: 
Conexión exitosa
Conexión exitosa
Solicitud recibida
Criterio: 
Criterio de búsqueda: 
Conexión exitosa
Conexión exitosa
Solicitud recibida
Criterio: 
Criterio de búsqueda: 
Conexión exitosa
Conexión exitosa
Solicitud recibida
Criterio: 
Criterio de búsqueda: 
Conexión exitosa
Conexión exitosa
Solicitud recibida
Criterio: 
Criterio de búsqueda: 
Conexión exitosa
Conexión exitosa
Solicitud recibida
Criterio: 
Criterio de búsqueda: 
Conexión exitosa
Conexión exitosa
Solicitud recibida
Criterio: 
Criterio de búsqueda: 
Conexión exitosa
Conexión exitosa
Solicitud recibida
Criterio: 
Criterio de búsqueda: 
Conexión exitosa
Conexión exitosa
Solicitud recibida
Criterio: 
Criterio de búsqueda: 
Conexión exitosa
Conexión exitosa
Solicitud recibida
Criterio: 
Criterio de búsqueda: 
Conexión exitosa
Conexión exitosa
Conexión exitosa
Conexión exitosa
Solicitud recibida
Criterio: 
Criterio de búsqueda: 
Conexión exitosa
Conexión exitosa
Solicitud recibida
Criterio: 
Criterio de búsqueda: 
Conexión exitosa
Conexión exitosa
Solicitud recibida
Criterio: 
Criterio de búsqueda: 
Conexión exitosa
Conexión exitosa
Conexión exitosa
Conexión exitosa
Conexión exitosa
Conexión exitosa
Conexión exitosa
Conexión exitosa
Conexión exitosa
Conexión exitosa
Conexión exitosa
Conexión exitosa
Conexión exitosa
Conexión exitosa
Solicitud recibida
Criterio: 
Criterio de búsqueda: 
Conexión exitosa
Solicitud recibida
Criterio: 
Criterio de búsqueda: 
Conexión exitosa
Solicitud recibida
Criterio: 
Criterio de búsqueda: 
Conexión exitosa
Conexión exitosa
Solicitud recibida
Criterio: 
Criterio de búsqueda: 
Conexión exitosa
Conexión exitosa
Solicitud recibida
Criterio: 
Criterio de búsqueda: 
Conexión exitosa
Conexión exitosa
Solicitud recibida
Criterio: 11223344C
Criterio de búsqueda: 11223344C
Conexión exitosa
Solicitud recibida
Criterio: 
Criterio de búsqueda: 
Conexión exitosa
Solicitud recibida
Criterio: PEREZ
Criterio de búsqueda: PEREZ
Conexión exitosa
Solicitud recibida
Criterio: 22334455E
Criterio de búsqueda: 22334455E
Conexión exitosa
Conexión exitosa
Solicitud recibida
Criterio: MARIA PEREZ
Criterio de búsqueda: MARIA PEREZ
Conexión exitosa
Solicitud recibida
Criterio: MARIA
Criterio de búsqueda: MARIA
Conexión exitosa
Conexión exitosa
Conexión exitosa
Conexión exitosa
Conexión exitosa
Conexión exitosa
Conexión exitosa
Conexión exitosa
Conexión exitosa
Conexión exitosa
Conexión exitosa
Conexión exitosa
Conexión exitosa
Conexión exitosa
Conexión exitosa
Conexión exitosa
Conexión exitosa
Conexión exitosa
Conexión exitosa
Conexión exitosa
Conexión exitosa
Conexión exitosa
Conexión exitosa
Conexión exitosa
Conexión exitosa
Conexión exitosa
Conexión exitosa
Conexión exitosa
Conexión exitosa
Conexión exitosa
Conexión exitosa
Conexión exitosa
Conexión exitosa
Conexión exitosa
Conexión exitosa
Conexión exitosa
Conexión exitosa
Conexión exitosa
Conexión exitosa
Conexión exitosa
Conexión exitosa
Conexión exitosa
Conexión exitosa
Conexión exitosa
Conexión exitosa
Conexión exitosa
Conexión exitosa
Conexión exitosa
Conexión exitosa
Conexión exitosa
Conexión exitosa
Conexión exitosa
Conexión exitosa
Conexión exitosa
Conexión exitosa
Conexión exitosa
Conexión exitosa
Conexión exitosa
Conexión exitosa
Conexión exitosa
Conexión exitosa
Conexión exitosa
Conexión exitosa
Conexión exitosa
Conexión exitosa
Conexión exitosa
Conexión exitosa
Conexión exitosa
Conexión exitosa
Conexión exitosa
Conexión exitosa
Conexión exitosa
Conexión exitosa
Conexión exitosa
Conexión exitosa
Conexión exitosa
Conexión exitosa
Conexión exitosa
DEBUG (backoffice.php) - auth_token no encontrado, redirigiendo a login
Conexión exitosa
DEBUG (backoffice.php) - auth_token no encontrado, redirigiendo a login
Conexión exitosa
DEBUG (backoffice.php) - auth_token no encontrado, redirigiendo a login
Conexión exitosa
DEBUG - Usuario no autenticado, redirigiendo a login
Conexión exitosa
DEBUG - Usuario no autenticado, redirigiendo a login
Conexión exitosa
DEBUG - Usuario no autenticado, redirigiendo a login
Conexión exitosa
DEBUG - Usuario no autenticado, redirigiendo a login
Conexión exitosa
DEBUG - Usuario no autenticado, redirigiendo a login
Conexión exitosa
DEBUG - Usuario no autenticado, redirigiendo a login
Conexión exitosa
DEBUG - Usuario no autenticado, redirigiendo a login
Conexión exitosa
Conexión exitosa
DEBUG - Usuario no autenticado, redirigiendo a login
DEBUG (init.php) - session_id(): b4aba71e86d3f1a091cd495c4b1298fa
Conexión exitosa
DEBUG (init.php) - session_id(): b4aba71e86d3f1a091cd495c4b1298fa
Conexión exitosa
DEBUG (init.php) - session_id(): b4aba71e86d3f1a091cd495c4b1298fa
Conexión exitosa
DEBUG (init.php) - session_id(): b4aba71e86d3f1a091cd495c4b1298fa
Conexión exitosa
DEBUG (init.php) - session_id(): 6b0b36d156c9445273fb119270fad128
Conexión exitosa
DEBUG (init.php) - session_id(): 6b0b36d156c9445273fb119270fad128
Conexión exitosa
DEBUG (init.php) - session_id(): ff0bf0eb62f05c06c8f833f57f1f092d
Conexión exitosa
DEBUG (init.php) - session_id(): 26e88fd9f898a84db98c73363183a340
Conexión exitosa
DEBUG (init.php) - session_id(): 7e4b15c30bc3a1085425030f520edcec
Conexión exitosa
DEBUG (init.php) - session_id(): 39f3f0ba03b894ef5e6d8f61289cce6d
Conexión exitosa
DEBUG (init.php) - session_id(): 39f3f0ba03b894ef5e6d8f61289cce6d
Conexión exitosa
Conexión exitosa
DEBUG (init.php) - session_id(): 04925ffe6ffe993bf72d5407968c623d
Conexión exitosa
DEBUG (init.php) - session_id(): 1c9ea2719a48354afa3f0dd5dd44ae03
Conexión exitosa
DEBUG (init.php) - session_id(): 1c9ea2719a48354afa3f0dd5dd44ae03
Conexión exitosa
DEBUG (init.php) - session_id(): 1c9ea2719a48354afa3f0dd5dd44ae03
Conexión exitosa
DEBUG (init.php) - session_id(): 1c9ea2719a48354afa3f0dd5dd44ae03
Conexión exitosa
DEBUG (init.php) - session_id(): 1c9ea2719a48354afa3f0dd5dd44ae03
Conexión exitosa
DEBUG (init.php) - session_id(): 1c9ea2719a48354afa3f0dd5dd44ae03
Conexión exitosa
DEBUG (init.php) - session_id(): 1c9ea2719a48354afa3f0dd5dd44ae03
Conexión exitosa
DEBUG (init.php) - session_id(): 1c9ea2719a48354afa3f0dd5dd44ae03
Conexión exitosa
DEBUG (init.php) - session_id(): 076f8f98a8bbdee97d0ff4929b1767a2
Conexión exitosa
Conexión exitosa
Conexión exitosa
Solicitud recibida
Criterio: 
Criterio de búsqueda: 
Conexión exitosa
Solicitud recibida
Criterio: 
Criterio de búsqueda: 
Conexión exitosa
Solicitud recibida
Criterio: 
Criterio de búsqueda: 
Conexión exitosa
Solicitud recibida
Criterio: 
Criterio de búsqueda: 
Conexión exitosa
Solicitud recibida
Criterio: Gómez
Criterio de búsqueda: Gómez
Conexión exitosa
Solicitud recibida
Criterio: 
Criterio de búsqueda: 
Conexión exitosa
Conexión exitosa
Solicitud recibida
Criterio: SANCHEZ
Criterio de búsqueda: SANCHEZ
Conexión exitosa
Solicitud recibida
Criterio: 
Criterio de búsqueda: 
Conexión exitosa
Solicitud recibida
Criterio: 
Criterio de búsqueda: 
Conexión exitosa
Solicitud recibida
Criterio: 
Criterio de búsqueda: 
Conexión exitosa
Solicitud recibida
Criterio: Pérez
Criterio de búsqueda: Pérez
Conexión exitosa
Solicitud recibida
Criterio: Martínez
Criterio de búsqueda: Martínez
Conexión exitosa
Solicitud recibida
Criterio: 
Criterio de búsqueda: 
Conexión exitosa
Solicitud recibida
Criterio: David
Criterio de búsqueda: David
Conexión exitosa
Conexión exitosa
Solicitud recibida
Criterio: 
Criterio de búsqueda: 
Conexión exitosa
Conexión exitosa
Solicitud recibida
Criterio: 
Criterio de búsqueda: 
Conexión exitosa
Solicitud recibida
Criterio: 
Criterio de búsqueda: 
Conexión exitosa
Solicitud recibida
Criterio: 
Criterio de búsqueda: 
Conexión exitosa
Solicitud recibida
Criterio: 
Criterio de búsqueda: 
Conexión exitosa
Conexión exitosa
Solicitud recibida
Criterio: GARCIA
Criterio de búsqueda: GARCIA
Conexión exitosa
Solicitud recibida
Criterio: GARCIA
Criterio de búsqueda: GARCIA
Conexión exitosa
Solicitud recibida
Criterio: Gómez
Criterio de búsqueda: Gómez
Conexión exitosa
DEBUG (init.php) - session_id(): 9edf8d0edca6b948067a0728675d4569
Conexión exitosa
DEBUG (init.php) - session_id(): 9edf8d0edca6b948067a0728675d4569
Conexión exitosa
DEBUG (init.php) - session_id(): 9edf8d0edca6b948067a0728675d4569
Conexión exitosa
DEBUG (init.php) - session_id(): 88d14202b376bc59bd2d036afe8e4dd1
Conexión exitosa
DEBUG (init.php) - session_id(): b0304351695cc49b9c4ee26b624714d1
Conexión exitosa
DEBUG (init.php) - session_id(): b0304351695cc49b9c4ee26b624714d1
Conexión exitosa
DEBUG (init.php) - session_id(): b0304351695cc49b9c4ee26b624714d1
Conexión exitosa
DEBUG (init.php) - session_id(): b0304351695cc49b9c4ee26b624714d1
Conexión exitosa
DEBUG (init.php) - session_id(): b0304351695cc49b9c4ee26b624714d1
Conexión exitosa
DEBUG (init.php) - session_id(): b0304351695cc49b9c4ee26b624714d1
Conexión exitosa
DEBUG (init.php) - session_id(): 1cd4ec85732bb4c44d261793ae90507d
Conexión exitosa
DEBUG (init.php) - session_id(): 1cd4ec85732bb4c44d261793ae90507d
Conexión exitosa
DEBUG (init.php) - session_id(): 1cd4ec85732bb4c44d261793ae90507d
Conexión exitosa
DEBUG (init.php) - session_id(): 1cd4ec85732bb4c44d261793ae90507d
Conexión exitosa
DEBUG (init.php) - session_id(): b883c063265bf246f8f1eb8f599674ba
Conexión exitosa
DEBUG (init.php) - session_id(): b883c063265bf246f8f1eb8f599674ba
Conexión exitosa
DEBUG (init.php) - session_id(): b883c063265bf246f8f1eb8f599674ba
Conexión exitosa
DEBUG (init.php) - session_id(): b883c063265bf246f8f1eb8f599674ba
Conexión exitosa
DEBUG (init.php) - session_id(): b883c063265bf246f8f1eb8f599674ba
Conexión exitosa
DEBUG (init.php) - session_id(): 1b5757211a1ca89f65e00c51aba0b73c
Conexión exitosa
DEBUG (init.php) - session_id(): 1b5757211a1ca89f65e00c51aba0b73c
Conexión exitosa
DEBUG (init.php) - session_id(): 1b5757211a1ca89f65e00c51aba0b73c
Conexión exitosa
DEBUG (init.php) - session_id(): 1b5757211a1ca89f65e00c51aba0b73c
Conexión exitosa
DEBUG (init.php) - session_id(): 1b5757211a1ca89f65e00c51aba0b73c
Conexión exitosa
DEBUG (init.php) - session_id(): 1b5757211a1ca89f65e00c51aba0b73c
Conexión exitosa
DEBUG (init.php) - session_id(): bddefeee7f4cf5c4a3853c2aea687a02
Conexión exitosa
DEBUG (init.php) - session_id(): bddefeee7f4cf5c4a3853c2aea687a02
Conexión exitosa
DEBUG (init.php) - session_id(): bddefeee7f4cf5c4a3853c2aea687a02
Conexión exitosa
DEBUG (init.php) - session_id(): bddefeee7f4cf5c4a3853c2aea687a02
Conexión exitosa
DEBUG (init.php) - session_id(): bddefeee7f4cf5c4a3853c2aea687a02
Conexión exitosa
DEBUG (init.php) - session_id(): bddefeee7f4cf5c4a3853c2aea687a02
Conexión exitosa
DEBUG (init.php) - session_id(): 3a9dd3a5382a8ea21be062a8d89bd8ec
Conexión exitosa
DEBUG (init.php) - session_id(): 3a9dd3a5382a8ea21be062a8d89bd8ec
Conexión exitosa
DEBUG (init.php) - session_id(): 3a9dd3a5382a8ea21be062a8d89bd8ec
Conexión exitosa
DEBUG (init.php) - session_id(): 3a9dd3a5382a8ea21be062a8d89bd8ec
Conexión exitosa
DEBUG (init.php) - session_id(): 3a9dd3a5382a8ea21be062a8d89bd8ec
Conexión exitosa
DEBUG (init.php) - session_id(): 3a9dd3a5382a8ea21be062a8d89bd8ec
Conexión exitosa
DEBUG (init.php) - session_id(): 3a9dd3a5382a8ea21be062a8d89bd8ec
Conexión exitosa
Conexión exitosa
Solicitud recibida
Criterio: Aula
Criterio de búsqueda: Aula
Conexión exitosa
Solicitud recibida
Criterio: Aula
Criterio de búsqueda: Aula
Conexión exitosa
Solicitud recibida
Criterio: 
Criterio de búsqueda: 
Conexión exitosa
Solicitud recibida
Criterio: 30
Criterio de búsqueda: 30
Conexión exitosa
Solicitud recibida
Criterio: Aula 102
Criterio de búsqueda: Aula 102
Conexión exitosa
Solicitud recibida
Criterio: Aula 102
Criterio de búsqueda: Aula 102
Conexión exitosa
Solicitud recibida
Criterio: 
Criterio de búsqueda: 
Conexión exitosa
Conexión exitosa
Solicitud recibida
Criterio: aula 1
Criterio de búsqueda: aula 1
Conexión exitosa
Solicitud recibida
Criterio: aula
Criterio de búsqueda: aula
Conexión exitosa
Solicitud recibida
Criterio: 
Criterio de búsqueda: 
Conexión exitosa
Solicitud recibida
Criterio: aula
Criterio de búsqueda: aula
Conexión exitosa
Solicitud recibida
Criterio: aula de
Criterio de búsqueda: aula de
Conexión exitosa
Solicitud recibida
Criterio: 
Criterio de búsqueda: 
Conexión exitosa
Solicitud recibida
Criterio: aula de prueba
Criterio de búsqueda: aula de prueba
Conexión exitosa
Solicitud recibida
Criterio: 
Criterio de búsqueda: 
Conexión exitosa
Solicitud recibida
Criterio: aula
Criterio de búsqueda: aula
Conexión exitosa
Solicitud recibida
Criterio: 30
Criterio de búsqueda: 30
Conexión exitosa
Solicitud recibida
Criterio: 30
Criterio de búsqueda: 30
Conexión exitosa
Solicitud recibida
Criterio: 30
Criterio de búsqueda: 30
Conexión exitosa
Solicitud recibida
Criterio: aula
Criterio de búsqueda: aula
Conexión exitosa
Solicitud recibida
Criterio: 1
Criterio de búsqueda: 1
Conexión exitosa
Solicitud recibida
Criterio: 35
Criterio de búsqueda: 35
Conexión exitosa
DEBUG (init.php) - session_id(): f6e31ce97fb37f3fa06780c780f653f1
Conexión exitosa
DEBUG (init.php) - session_id(): 75e3a0c7c846c64166b9977d4926865c
Conexión exitosa
Conexión exitosa
Solicitud recibida
Criterio: 
Criterio de búsqueda: 
DEBUG (init.php) - session_id(): 523220f588735e2de5d61aa7ed3d7a38
Conexión exitosa
Conexión exitosa
DEBUG (init.php) - session_id(): 523220f588735e2de5d61aa7ed3d7a38
Conexión exitosa
Conexión exitosa
DEBUG (init.php) - session_id(): 523220f588735e2de5d61aa7ed3d7a38
Conexión exitosa
DEBUG (init.php) - session_id(): 4c97b23bb98133d790d810b2a4969dc3
Conexión exitosa
Conexión exitosa
DEBUG (init.php) - session_id(): 4c97b23bb98133d790d810b2a4969dc3
Conexión exitosa
DEBUG (init.php) - session_id(): 513a1329bb68dfa11369fa156375ba8a
Conexión exitosa
DEBUG (init.php) - session_id(): 513a1329bb68dfa11369fa156375ba8a
Conexión exitosa
DEBUG (init.php) - session_id(): 513a1329bb68dfa11369fa156375ba8a
Conexión exitosa
Conexión exitosa
DEBUG (init.php) - session_id(): 513a1329bb68dfa11369fa156375ba8a
Conexión exitosa
Conexión exitosa
DEBUG (init.php) - session_id(): 513a1329bb68dfa11369fa156375ba8a
Conexión exitosa
DEBUG (init.php) - session_id(): 513a1329bb68dfa11369fa156375ba8a
Conexión exitosa
Conexión exitosa
DEBUG (init.php) - session_id(): 2ca8f4afbd050d40a7881f6c5b26d788
Conexión exitosa
Conexión exitosa
Conexión exitosa
DEBUG (init.php) - session_id(): 9e2a9d1c876fd6790d91baf4a7e8f1b0
Conexión exitosa
Conexión exitosa
Solicitud recibida
Criterio: 
Criterio de búsqueda: 
Conexión exitosa
Solicitud recibida
Criterio: 
Criterio de búsqueda: 
Conexión exitosa
Conexión exitosa
Solicitud recibida
Criterio: 
Criterio de búsqueda: 
Conexión exitosa
Conexión exitosa
Solicitud recibida
Criterio: 
Criterio de búsqueda: 
Conexión exitosa
Solicitud recibida
Criterio: 
Criterio de búsqueda: 
Conexión exitosa
Conexión exitosa
Solicitud recibida
Criterio: 
Criterio de búsqueda: 
Conexión exitosa
Conexión exitosa
Solicitud recibida
Criterio: 
Criterio de búsqueda: 
Conexión exitosa
Conexión exitosa
Solicitud recibida
Criterio: 
Criterio de búsqueda: 
Conexión exitosa
Solicitud recibida
Criterio: 
Criterio de búsqueda: 
DEBUG (init.php) - session_id(): be29ddbb6aa8eaee3ef74c031e435328
Conexión exitosa
DEBUG (init.php) - session_id(): be29ddbb6aa8eaee3ef74c031e435328
Conexión exitosa
DEBUG (init.php) - session_id(): be29ddbb6aa8eaee3ef74c031e435328
Conexión exitosa
DEBUG (init.php) - session_id(): be29ddbb6aa8eaee3ef74c031e435328
Conexión exitosa
Conexión exitosa
Solicitud recibida
Criterio: 
Criterio de búsqueda: 
