DEBUG (init.php) - session_id(): b26121766e3f5d03c579b2616a01d45b
Conexión exitosa
Conexión exitosa
Conexión exitosa
Conexión exitosa
DEBUG (panelAlumno.php) - session_id(): b26121766e3f5d03c579b2616a01d45b
DEBUG (panelAlumno.php) - Usuario en sesión: 29048298B
DEBUG (panelAlumno.php) - Rol en sesión: Alumno
DEBUG (init.php) - session_id(): 2ca8f4afbd050d40a7881f6c5b26d788
Conexión exitosa
DEBUG (init.php) - session_id(): 2ca8f4afbd050d40a7881f6c5b26d788
Conexión exitosa
DEBUG (init.php) - session_id(): 9e2a9d1c876fd6790d91baf4a7e8f1b0
Conexión exitosa
Conexión exitosa
DEBUG (init.php) - session_id(): 9e2a9d1c876fd6790d91baf4a7e8f1b0
Conexión exitosa
Conexión exitosa
Conexión exitosa
Conexión exitosa
DEBUG (panelAlumno.php) - session_id(): 9e2a9d1c876fd6790d91baf4a7e8f1b0
DEBUG (panelAlumno.php) - Usuario en sesión: 11223344C
DEBUG (panelAlumno.php) - Rol en sesión: Profesor
